umask test
---taskmaster session : 2020-03-20 20:49:38---
loaded programs from conf file
umask set to :22
AUTOSTART <random101>
random101
process start already launched
random101 : sh sec_counter.bash       state: sleeping      PID:8467 runtime:4:30:24


  Ctrl + c -> exit Taskmaster


---taskmaster session : 2020-03-20 21:06:11---
loaded programs from conf file
AUTOSTART <random101>
random101
process start already launched
random101 : sh sec_counter.bash       state: sleeping      PID:20279 runtime:0:00:01
taskmaster> EOF
---taskmaster session : 2020-03-20 21:08:30---
loaded programs from conf file
---taskmaster session : 2020-03-20 21:10:40---
loaded programs from conf file
---taskmaster session : 2020-03-20 21:11:49---
loaded programs from conf file
