total 0
drwxr-xr-x   8 trponess  2017_paris   272 Jun 22 12:37 __pycache__
drwxr-xr-x   9 trponess  2017_paris   306 Jun 28 18:59 config
drwxr-xr-x   3 trponess  2017_paris   102 Jun 23 12:41 docs
drwxr-xr-x  10 trponess  2017_paris   340 Jun 28 14:04 logs
drwxr-xr-x   6 trponess  2017_paris   204 Jun 28 15:22 pgrms
drwxr-xr-x   5 trponess  2017_paris   170 Jun 22 12:37 pyqtvenv
drwxr-xr-x   9 trponess  2017_paris   306 Jun 26 15:21 src
drwxr-xr-x   7 trponess  2017_paris   238 Jun 25 13:18 test
drwxr-xr-x  34 trponess  2017_paris  1156 Jun 26 12:59 tmp
drwxr-xr-x   8 trponess  2017_paris   272 Jun 30 18:58 virt
total 0
drwxr-xr-x   8 trponess  2017_paris   272 Jun 22 12:37 __pycache__
drwxr-xr-x   9 trponess  2017_paris   306 Jun 28 18:59 config
drwxr-xr-x   3 trponess  2017_paris   102 Jun 23 12:41 docs
drwxr-xr-x  10 trponess  2017_paris   340 Jun 28 14:04 logs
drwxr-xr-x   6 trponess  2017_paris   204 Jun 28 15:22 pgrms
drwxr-xr-x   5 trponess  2017_paris   170 Jun 22 12:37 pyqtvenv
drwxr-xr-x   9 trponess  2017_paris   306 Jun 26 15:21 src
drwxr-xr-x   7 trponess  2017_paris   238 Jun 25 13:18 test
drwxr-xr-x  34 trponess  2017_paris  1156 Jun 26 12:59 tmp
drwxr-xr-x   8 trponess  2017_paris   272 Jun 30 18:58 virt
total 0
drwxr-xr-x   8 trponess  2017_paris   272 Jun 22 12:37 __pycache__
drwxr-xr-x   9 trponess  2017_paris   306 Jun 28 18:59 config
drwxr-xr-x   3 trponess  2017_paris   102 Jun 23 12:41 docs
drwxr-xr-x  10 trponess  2017_paris   340 Jun 28 14:04 logs
drwxr-xr-x   6 trponess  2017_paris   204 Jun 28 15:22 pgrms
drwxr-xr-x   5 trponess  2017_paris   170 Jun 22 12:37 pyqtvenv
drwxr-xr-x   9 trponess  2017_paris   306 Jun 26 15:21 src
drwxr-xr-x   7 trponess  2017_paris   238 Jun 25 13:18 test
drwxr-xr-x  34 trponess  2017_paris  1156 Jun 26 12:59 tmp
drwxr-xr-x   8 trponess  2017_paris   272 Jun 30 18:58 virt
total 0
drwxr-xr-x   8 trponess  2017_paris   272 Jun 22 12:37 __pycache__
drwxr-xr-x   9 trponess  2017_paris   306 Jun 28 18:59 config
drwxr-xr-x   3 trponess  2017_paris   102 Jun 23 12:41 docs
drwxr-xr-x  10 trponess  2017_paris   340 Jun 28 14:04 logs
drwxr-xr-x   6 trponess  2017_paris   204 Jun 28 15:22 pgrms
drwxr-xr-x   5 trponess  2017_paris   170 Jun 22 12:37 pyqtvenv
drwxr-xr-x   9 trponess  2017_paris   306 Jun 26 15:21 src
drwxr-xr-x   7 trponess  2017_paris   238 Jun 25 13:18 test
drwxr-xr-x  34 trponess  2017_paris  1156 Jun 26 12:59 tmp
drwxr-xr-x   8 trponess  2017_paris   272 Jun 30 18:58 virt
total 0
drwxr-xr-x   8 trponess  2017_paris   272 Jun 22 12:37 __pycache__
drwxr-xr-x   9 trponess  2017_paris   306 Jun 28 18:59 config
drwxr-xr-x   3 trponess  2017_paris   102 Jun 23 12:41 docs
drwxr-xr-x  10 trponess  2017_paris   340 Jun 28 14:04 logs
drwxr-xr-x   6 trponess  2017_paris   204 Jun 28 15:22 pgrms
drwxr-xr-x   5 trponess  2017_paris   170 Jun 22 12:37 pyqtvenv
drwxr-xr-x   9 trponess  2017_paris   306 Jun 26 15:21 src
drwxr-xr-x   7 trponess  2017_paris   238 Jun 25 13:18 test
drwxr-xr-x  34 trponess  2017_paris  1156 Jun 26 12:59 tmp
drwxr-xr-x   8 trponess  2017_paris   272 Jun 30 18:58 virt
total 0
drwxr-xr-x   8 trponess  2017_paris   272 Jun 22 12:37 __pycache__
drwxr-xr-x   9 trponess  2017_paris   306 Jun 28 18:59 config
drwxr-xr-x   3 trponess  2017_paris   102 Jun 23 12:41 docs
drwxr-xr-x  10 trponess  2017_paris   340 Jun 28 14:04 logs
drwxr-xr-x   6 trponess  2017_paris   204 Jun 28 15:22 pgrms
drwxr-xr-x   5 trponess  2017_paris   170 Jun 22 12:37 pyqtvenv
drwxr-xr-x   9 trponess  2017_paris   306 Jun 26 15:21 src
drwxr-xr-x   7 trponess  2017_paris   238 Jun 25 13:18 test
drwxr-xr-x  34 trponess  2017_paris  1156 Jun 26 12:59 tmp
drwxr-xr-x   8 trponess  2017_paris   272 Jun 30 18:58 virt
Wed Jul 1 17:27:38 CEST 2020
Wed Jul 1 17:27:39 CEST 2020
Wed Jul 1 17:27:40 CEST 2020
Wed Jul 1 17:27:41 CEST 2020
Wed Jul 1 17:27:42 CEST 2020
Wed Jul 1 17:27:43 CEST 2020
Wed Jul 1 17:27:44 CEST 2020
Wed Jul 1 17:27:45 CEST 2020
Wed Jul 1 17:27:46 CEST 2020
Wed Jul 1 17:27:47 CEST 2020
Wed Jul 1 17:27:48 CEST 2020
Wed Jul 1 17:27:49 CEST 2020
Wed Jul 1 17:27:50 CEST 2020
Wed Jul 1 17:27:51 CEST 2020
Wed Jul 1 17:27:52 CEST 2020
Wed Jul 1 17:27:53 CEST 2020
Wed Jul 1 17:27:54 CEST 2020
Wed Jul 1 17:27:55 CEST 2020
Wed Jul 1 17:27:56 CEST 2020
Wed Jul 1 17:27:57 CEST 2020
Wed Jul 1 17:27:58 CEST 2020
Wed Jul 1 17:27:59 CEST 2020
Wed Jul 1 17:28:00 CEST 2020
Wed Jul 1 17:28:01 CEST 2020
Wed Jul 1 17:28:02 CEST 2020
Wed Jul 1 17:28:03 CEST 2020
Wed Jul 1 17:28:04 CEST 2020
Wed Jul 1 17:28:05 CEST 2020
Wed Jul 1 17:28:06 CEST 2020
Wed Jul 1 17:28:07 CEST 2020
Wed Jul 1 17:28:08 CEST 2020
Wed Jul 1 17:28:09 CEST 2020
Wed Jul 1 17:28:10 CEST 2020
Wed Jul 1 17:28:11 CEST 2020
Wed Jul 1 17:28:12 CEST 2020
Wed Jul 1 17:28:13 CEST 2020
Wed Jul 1 17:28:14 CEST 2020
Wed Jul 1 17:28:15 CEST 2020
Wed Jul 1 17:28:16 CEST 2020
Wed Jul 1 17:28:17 CEST 2020
Wed Jul 1 17:28:18 CEST 2020
Wed Jul 1 17:28:19 CEST 2020
Wed Jul 1 17:28:20 CEST 2020
Wed Jul 1 17:28:21 CEST 2020
Wed Jul 1 17:28:22 CEST 2020
Wed Jul 1 17:28:23 CEST 2020
Wed Jul 1 17:28:24 CEST 2020
Wed Jul 1 17:28:25 CEST 2020
Wed Jul 1 17:28:26 CEST 2020
Wed Jul 1 17:28:27 CEST 2020
Wed Jul 1 17:28:28 CEST 2020
Wed Jul 1 17:28:29 CEST 2020
Wed Jul 1 17:28:30 CEST 2020
Wed Jul 1 17:28:31 CEST 2020
Wed Jul 1 17:28:32 CEST 2020
Wed Jul 1 17:28:33 CEST 2020
Wed Jul 1 17:28:34 CEST 2020
Wed Jul 1 17:28:35 CEST 2020
Wed Jul 1 17:28:36 CEST 2020
Wed Jul 1 17:28:37 CEST 2020
Wed Jul 1 17:28:38 CEST 2020
Wed Jul 1 17:28:39 CEST 2020
Wed Jul 1 17:28:40 CEST 2020
Wed Jul 1 17:28:41 CEST 2020
Wed Jul 1 17:28:42 CEST 2020
Wed Jul 1 17:28:43 CEST 2020
Wed Jul 1 17:28:44 CEST 2020
Wed Jul 1 17:28:45 CEST 2020
Wed Jul 1 17:28:46 CEST 2020
Wed Jul 1 17:28:47 CEST 2020
Wed Jul 1 17:28:48 CEST 2020
Wed Jul 1 17:28:49 CEST 2020
Wed Jul 1 17:28:50 CEST 2020
Wed Jul 1 17:28:51 CEST 2020
Wed Jul 1 17:28:52 CEST 2020
Wed Jul 1 17:28:54 CEST 2020
Wed Jul 1 17:28:55 CEST 2020
Wed Jul 1 17:28:56 CEST 2020
Wed Jul 1 17:28:57 CEST 2020
Wed Jul 1 17:28:58 CEST 2020
Wed Jul 1 17:28:59 CEST 2020
Wed Jul 1 17:29:00 CEST 2020
Wed Jul 1 17:29:01 CEST 2020
Wed Jul 1 17:29:02 CEST 2020
Wed Jul 1 17:29:03 CEST 2020
Wed Jul 1 17:29:04 CEST 2020
Wed Jul 1 17:29:05 CEST 2020
Wed Jul 1 17:29:06 CEST 2020
Wed Jul 1 17:29:07 CEST 2020
Wed Jul 1 17:29:08 CEST 2020
Wed Jul 1 17:29:09 CEST 2020
Wed Jul 1 17:29:10 CEST 2020
Wed Jul 1 17:29:11 CEST 2020
Wed Jul 1 17:29:12 CEST 2020
Wed Jul 1 17:29:13 CEST 2020
Wed Jul 1 17:29:14 CEST 2020
Wed Jul 1 17:29:15 CEST 2020
Wed Jul 1 17:29:16 CEST 2020
Wed Jul 1 17:29:17 CEST 2020
Wed Jul 1 17:29:18 CEST 2020
Wed Jul 1 17:29:19 CEST 2020
Wed Jul 1 17:29:20 CEST 2020
Wed Jul 1 17:29:21 CEST 2020
Wed Jul 1 17:29:22 CEST 2020
Wed Jul 1 17:29:23 CEST 2020
Wed Jul 1 17:29:24 CEST 2020
Wed Jul 1 17:29:25 CEST 2020
Wed Jul 1 17:29:26 CEST 2020
Wed Jul 1 17:29:27 CEST 2020
Wed Jul 1 17:29:28 CEST 2020
Wed Jul 1 17:29:29 CEST 2020
Wed Jul 1 17:29:30 CEST 2020
Wed Jul 1 17:29:31 CEST 2020
Wed Jul 1 17:29:32 CEST 2020
Wed Jul 1 17:29:33 CEST 2020
Wed Jul 1 17:29:34 CEST 2020
Wed Jul 1 17:29:35 CEST 2020
Wed Jul 1 17:29:36 CEST 2020
Wed Jul 1 17:29:37 CEST 2020
Wed Jul 1 17:29:38 CEST 2020
Wed Jul 1 17:29:39 CEST 2020
Wed Jul 1 17:29:40 CEST 2020
Wed Jul 1 17:29:41 CEST 2020
Wed Jul 1 17:29:42 CEST 2020
Wed Jul 1 17:29:43 CEST 2020
Wed Jul 1 17:29:44 CEST 2020
Wed Jul 1 17:29:45 CEST 2020
Wed Jul 1 17:29:46 CEST 2020
Wed Jul 1 17:29:47 CEST 2020
Wed Jul 1 17:29:48 CEST 2020
Wed Jul 1 17:29:49 CEST 2020
Wed Jul 1 17:29:50 CEST 2020
Wed Jul 1 17:29:51 CEST 2020
Wed Jul 1 17:29:52 CEST 2020
Wed Jul 1 17:29:53 CEST 2020
Wed Jul 1 17:29:54 CEST 2020
Wed Jul 1 17:29:55 CEST 2020
Wed Jul 1 17:29:56 CEST 2020
Wed Jul 1 17:29:57 CEST 2020
Wed Jul 1 17:29:58 CEST 2020
Wed Jul 1 17:29:59 CEST 2020
Wed Jul 1 17:30:00 CEST 2020
Wed Jul 1 17:30:01 CEST 2020
Wed Jul 1 17:30:02 CEST 2020
Wed Jul 1 17:30:03 CEST 2020
> boxn82
> box_namen82
> inner_boxn82
> box_cordsn82
> boxn62
> box_namen62
> inner_boxn62
> box_cordsn62
grey
total 0
drwxr-xr-x   8 trponess  2017_paris   272 Jun 22 12:37 __pycache__
drwxr-xr-x   9 trponess  2017_paris   306 Jun 28 18:59 config
drwxr-xr-x   3 trponess  2017_paris   102 Jun 23 12:41 docs
drwxr-xr-x  10 trponess  2017_paris   340 Jun 28 14:04 logs
drwxr-xr-x   6 trponess  2017_paris   204 Jun 28 15:22 pgrms
drwxr-xr-x   5 trponess  2017_paris   170 Jun 22 12:37 pyqtvenv
drwxr-xr-x   9 trponess  2017_paris   306 Jun 26 15:21 src
drwxr-xr-x   7 trponess  2017_paris   238 Jun 25 13:18 test
drwxr-xr-x  34 trponess  2017_paris  1156 Jun 26 12:59 tmp
drwxr-xr-x   8 trponess  2017_paris   272 Jun 30 18:58 virt
total 0
drwxr-xr-x   8 trponess  2017_paris   272 Jun 22 12:37 __pycache__
drwxr-xr-x   9 trponess  2017_paris   306 Jun 28 18:59 config
drwxr-xr-x   3 trponess  2017_paris   102 Jun 23 12:41 docs
drwxr-xr-x  10 trponess  2017_paris   340 Jun 28 14:04 logs
drwxr-xr-x   6 trponess  2017_paris   204 Jun 28 15:22 pgrms
drwxr-xr-x   5 trponess  2017_paris   170 Jun 22 12:37 pyqtvenv
drwxr-xr-x   9 trponess  2017_paris   306 Jun 26 15:21 src
drwxr-xr-x   7 trponess  2017_paris   238 Jun 25 13:18 test
drwxr-xr-x  34 trponess  2017_paris  1156 Jun 26 12:59 tmp
drwxr-xr-x   8 trponess  2017_paris   272 Jun 30 18:58 virt
total 0
drwxr-xr-x   8 trponess  2017_paris   272 Jun 22 12:37 __pycache__
drwxr-xr-x   9 trponess  2017_paris   306 Jun 28 18:59 config
drwxr-xr-x   3 trponess  2017_paris   102 Jun 23 12:41 docs
drwxr-xr-x  10 trponess  2017_paris   340 Jun 28 14:04 logs
drwxr-xr-x   6 trponess  2017_paris   204 Jun 28 15:22 pgrms
drwxr-xr-x   5 trponess  2017_paris   170 Jun 22 12:37 pyqtvenv
drwxr-xr-x   9 trponess  2017_paris   306 Jun 26 15:21 src
drwxr-xr-x   7 trponess  2017_paris   238 Jun 25 13:18 test
drwxr-xr-x  34 trponess  2017_paris  1156 Jun 26 12:59 tmp
drwxr-xr-x   8 trponess  2017_paris   272 Jun 30 18:58 virt
total 0
drwxr-xr-x   8 trponess  2017_paris   272 Jun 22 12:37 __pycache__
drwxr-xr-x   9 trponess  2017_paris   306 Jun 28 18:59 config
drwxr-xr-x   3 trponess  2017_paris   102 Jun 23 12:41 docs
drwxr-xr-x  10 trponess  2017_paris   340 Jun 28 14:04 logs
drwxr-xr-x   6 trponess  2017_paris   204 Jun 28 15:22 pgrms
drwxr-xr-x   5 trponess  2017_paris   170 Jun 22 12:37 pyqtvenv
drwxr-xr-x   9 trponess  2017_paris   306 Jun 26 15:21 src
drwxr-xr-x   7 trponess  2017_paris   238 Jun 25 13:18 test
drwxr-xr-x  34 trponess  2017_paris  1156 Jun 26 12:59 tmp
drwxr-xr-x   8 trponess  2017_paris   272 Jun 30 18:58 virt
total 0
drwxr-xr-x   8 trponess  2017_paris   272 Jun 22 12:37 __pycache__
drwxr-xr-x   9 trponess  2017_paris   306 Jun 28 18:59 config
drwxr-xr-x   3 trponess  2017_paris   102 Jun 23 12:41 docs
drwxr-xr-x  10 trponess  2017_paris   340 Jun 28 14:04 logs
drwxr-xr-x   6 trponess  2017_paris   204 Jun 28 15:22 pgrms
drwxr-xr-x   5 trponess  2017_paris   170 Jun 22 12:37 pyqtvenv
drwxr-xr-x   9 trponess  2017_paris   306 Jun 26 15:21 src
drwxr-xr-x   7 trponess  2017_paris   238 Jun 25 13:18 test
drwxr-xr-x  34 trponess  2017_paris  1156 Jun 26 12:59 tmp
drwxr-xr-x   8 trponess  2017_paris   272 Jun 30 18:58 virt
total 0
drwxr-xr-x   8 trponess  2017_paris   272 Jun 22 12:37 __pycache__
drwxr-xr-x   9 trponess  2017_paris   306 Jun 28 18:59 config
drwxr-xr-x   3 trponess  2017_paris   102 Jun 23 12:41 docs
drwxr-xr-x  10 trponess  2017_paris   340 Jun 28 14:04 logs
drwxr-xr-x   6 trponess  2017_paris   204 Jun 28 15:22 pgrms
drwxr-xr-x   5 trponess  2017_paris   170 Jun 22 12:37 pyqtvenv
drwxr-xr-x   9 trponess  2017_paris   306 Jun 26 15:21 src
drwxr-xr-x   7 trponess  2017_paris   238 Jun 25 13:18 test
drwxr-xr-x  34 trponess  2017_paris  1156 Jun 26 12:59 tmp
drwxr-xr-x   8 trponess  2017_paris   272 Jun 30 18:58 virt
total 0
drwxr-xr-x   8 trponess  2017_paris   272 Jun 22 12:37 __pycache__
drwxr-xr-x   9 trponess  2017_paris   306 Jun 28 18:59 config
drwxr-xr-x   3 trponess  2017_paris   102 Jun 23 12:41 docs
drwxr-xr-x  10 trponess  2017_paris   340 Jun 28 14:04 logs
drwxr-xr-x   6 trponess  2017_paris   204 Jun 28 15:22 pgrms
drwxr-xr-x   5 trponess  2017_paris   170 Jun 22 12:37 pyqtvenv
drwxr-xr-x   9 trponess  2017_paris   306 Jun 26 15:21 src
drwxr-xr-x   7 trponess  2017_paris   238 Jun 25 13:18 test
drwxr-xr-x  34 trponess  2017_paris  1156 Jun 26 12:59 tmp
drwxr-xr-x   8 trponess  2017_paris   272 Jun 30 18:58 virt
zzz
zzz
zzz
zzz
zzz
zzz
zzz
zzz
zzz
zzz
zzz
zzz
zzz
zzz
zzz
zzz
zzz
zzz
zzz
zzz
zzz
zzz
zzz
zzz
zzz
zzz
zzz
zzz
zzz
zzz
zzz
zzz
zzz
zzz
zzz
zzz
zzz
zzz
zzz
zzz
zzz
zzz
zzz
zzz
zzz
zzz
zzz
zzz
zzz
zzz
zzz
zzz
zzz
zzz
zzz
zzz
zzz
zzz
zzz
zzz
zzz
zzz
zzz
zzz
zzz
zzz
zzz
zzz
zzz
zzz
zzz
zzz
zzz
zzz
zzz
zzz
zzz
zzz
zzz
zzz
zzz
zzz
zzz
zzz
zzz
zzz
zzz
zzz
zzz
zzz
zzz
zzz
zzz
zzz
zzz
zzz
zzz
zzz
zzz
zzz
zzz
zzz
zzz
zzz
zzz
zzz
zzz
zzz
zzz
zzz
zzz
zzz
zzz
zzz
zzz
zzz
zzz
zzz
zzz
zzz
zzz
zzz
zzz
zzz
zzz
zzz
zzz
zzz
zzz
zzz
zzz
zzz
zzz
zzz
zzz
zzz
zzz
zzz
zzz
zzz
zzz
zzz
zzz
zzz
zzz
zzz
zzz
zzz
zzz
zzz
zzz
zzz
zzz
zzz
zzz
zzz
zzz
zzz
zzz
zzz
zzz
zzz
zzz
zzz
zzz
zzz
zzz
zzz
zzz
zzz
zzz
zzz
zzz
zzz
zzz
zzz
zzz
zzz
zzz
zzz
zzz
zzz
zzz
zzz
zzz
zzz
zzz
zzz
zzz
zzz
zzz
zzz
zzz
zzz
zzz
zzz
zzz
zzz
zzz
zzz
zzz
zzz
zzz
zzz
zzz
zzz
zzz
zzz
zzz
zzz
zzz
zzz
zzz
zzz
zzz
zzz
zzz
zzz
zzz
zzz
zzz
zzz
zzz
zzz
zzz
zzz
zzz
zzz
zzz
zzz
zzz
zzz
zzz
zzz
zzz
zzz
zzz
zzz
zzz
zzz
zzz
zzz
zzz
zzz
zzz
zzz
zzz
zzz
zzz
zzz
zzz
zzz
zzz
zzz
zzz
zzz
zzz
zzz
zzz
zzz
zzz
zzz
zzz
zzz
zzz
zzz
zzz
zzz
zzz
zzz
zzz
zzz
zzz
zzz
zzz
zzz
zzz
zzz
zzz
zzz
zzz
zzz
zzz
zzz
zzz
zzz
zzz
zzz
zzz
zzz
zzz
zzz
zzz
zzz
zzz
zzz
zzz
zzz
zzz
zzz
zzz
zzz
zzz
zzz
zzz
zzz
zzz
zzz
zzz
zzz
zzz
zzz
zzz
zzz
zzz
zzz
zzz
zzz
zzz
zzz
zzz
zzz
zzz
zzz
zzz
zzz
zzz
zzz
zzz
zzz
zzz
zzz
zzz
zzz
zzz
zzz
zzz
zzz
zzz
zzz
zzz
zzz
zzz
zzz
zzz
zzz
zzz
zzz
zzz
zzz
zzz
zzz
zzz
zzz
zzz
zzz
zzz
zzz
zzz
zzz
zzz
zzz
zzz
zzz
zzz
zzz
zzz
zzz
zzz
zzz
zzz
zzz
zzz
zzz
zzz
zzz
zzz
zzz
zzz
zzz
zzz
zzz
zzz
zzz
zzz
zzz
zzz
zzz
zzz
zzz
zzz
zzz
zzz
zzz
zzz
zzz
zzz
zzz
zzz
zzz
zzz
zzz
zzz
zzz
zzz
zzz
zzz
zzz
zzz
zzz
zzz
zzz
zzz
zzz
zzz
zzz
zzz
zzz
zzz
zzz
zzz
zzz
zzz
zzz
zzz
zzz
zzz
zzz
zzz
zzz
zzz
zzz
zzz
zzz
zzz
zzz
zzz
zzz
zzz
zzz
zzz
zzz
zzz
zzz
zzz
zzz
zzz
zzz
zzz
zzz
zzz
zzz
zzz
zzz
zzz
zzz
zzz
zzz
zzz
zzz
zzz
zzz
zzz
zzz
zzz
zzz
zzz
zzz
zzz
zzz
zzz
zzz
zzz
zzz
zzz
zzz
zzz
zzz
zzz
zzz
zzz
zzz
zzz
zzz
zzz
zzz
zzz
zzz
zzz
zzz
zzz
zzz
zzz
zzz
zzz
zzz
zzz
zzz
zzz
zzz
zzz
zzz
zzz
zzz
zzz
zzz
zzz
zzz
zzz
zzz
zzz
zzz
zzz
zzz
zzz
zzz
zzz
zzz
zzz
zzz
zzz
zzz
zzz
zzz
zzz
zzz
zzz
zzz
zzz
zzz
zzz
zzz
zzz
zzz
zzz
zzz
zzz
zzz
zzz
zzz
zzz
zzz
zzz
zzz
zzz
zzz
zzz
zzz
zzz
zzz
zzz
zzz
zzz
zzz
zzz
zzz
zzz
zzz
zzz
zzz
zzz
zzz
zzz
zzz
zzz
zzz
zzz
zzz
zzz
zzz
zzz
zzz
zzz
zzz
zzz
zzz
zzz
zzz
zzz
zzz
zzz
zzz
zzz
zzz
zzz
zzz
zzz
zzz
zzz
zzz
zzz
zzz
zzz
zzz
zzz
zzz
zzz
zzz
zzz
zzz
zzz
zzz
zzz
zzz
zzz
zzz
zzz
zzz
zzz
zzz
zzz
zzz
zzz
zzz
zzz
zzz
zzz
zzz
zzz
zzz
zzz
zzz
zzz
zzz
zzz
zzz
zzz
zzz
zzz
zzz
zzz
zzz
zzz
zzz
zzz
zzz
zzz
zzz
zzz
zzz
zzz
zzz
zzz
zzz
zzz
zzz
zzz
zzz
zzz
zzz
zzz
zzz
zzz
zzz
zzz
zzz
zzz
zzz
zzz
zzz
zzz
zzz
zzz
zzz
zzz
zzz
zzz
zzz
zzz
zzz
zzz
zzz
zzz
zzz
zzz
zzz
zzz
zzz
zzz
zzz
zzz
zzz
zzz
zzz
zzz
zzz
zzz
zzz
zzz
zzz
zzz
zzz
zzz
zzz
zzz
zzz
zzz
zzz
zzz
zzz
zzz
zzz
zzz
zzz
zzz
zzz
zzz
zzz
zzz
zzz
zzz
zzz
zzz
zzz
zzz
zzz
zzz
zzz
zzz
zzz
zzz
zzz
zzz
zzz
zzz
zzz
zzz
zzz
zzz
zzz
zzz
zzz
zzz
zzz
zzz
zzz
zzz
zzz
zzz
zzz
zzz
zzz
zzz
zzz
zzz
zzz
zzz
zzz
zzz
zzz
zzz
zzz
zzz
zzz
zzz
zzz
zzz
zzz
zzz
zzz
zzz
zzz
zzz
zzz
zzz
zzz
zzz
zzz
zzz
zzz
zzz
zzz
zzz
zzz
zzz
zzz
zzz
zzz
zzz
zzz
zzz
zzz
zzz
zzz
zzz
zzz
zzz
zzz
zzz
zzz
zzz
zzz
zzz
zzz
zzz
zzz
zzz
zzz
zzz
zzz
zzz
zzz
zzz
zzz
zzz
zzz
zzz
zzz
zzz
zzz
zzz
zzz
zzz
zzz
zzz
zzz
zzz
zzz
zzz
zzz
zzz
zzz
zzz
zzz
zzz
zzz
zzz
zzz
zzz
zzz
zzz
zzz
zzz
zzz
zzz
zzz
zzz
zzz
zzz
zzz
zzz
zzz
zzz
zzz
zzz
zzz
zzz
zzz
zzz
zzz
zzz
zzz
zzz
zzz
zzz
zzz
zzz
zzz
zzz
zzz
zzz
zzz
zzz
zzz
zzz
zzz
zzz
zzz
zzz
zzz
zzz
zzz
zzz
zzz
zzz
zzz
zzz
zzz
zzz
zzz
zzz
zzz
zzz
zzz
zzz
zzz
zzz
zzz
zzz
zzz
zzz
zzz
zzz
zzz
zzz
zzz
zzz
zzz
zzz
zzz
zzz
zzz
zzz
zzz
zzz
zzz
zzz
zzz
zzz
zzz
zzz
zzz
zzz
zzz
zzz
zzz
zzz
zzz
zzz
zzz
zzz
zzz
zzz
zzz
zzz
zzz
zzz
zzz
zzz
zzz
zzz
zzz
zzz
zzz
zzz
zzz
zzz
zzz
zzz
zzz
zzz
zzz
zzz
zzz
zzz
zzz
zzz
zzz
zzz
zzz
zzz
zzz
zzz
zzz
zzz
zzz
zzz
zzz
zzz
zzz
zzz
zzz
zzz
zzz
zzz
zzz
zzz
zzz
zzz
zzz
zzz
zzz
zzz
zzz
zzz
zzz
zzz
zzz
zzz
zzz
zzz
zzz
zzz
zzz
zzz
zzz
zzz
zzz
zzz
zzz
zzz
zzz
zzz
zzz
zzz
zzz
zzz
zzz
zzz
zzz
zzz
zzz
zzz
zzz
zzz
zzz
zzz
zzz
zzz
zzz
zzz
zzz
zzz
zzz
zzz
zzz
zzz
zzz
zzz
zzz
zzz
zzz
zzz
zzz
zzz
zzz
zzz
zzz
zzz
zzz
zzz
zzz
zzz
zzz
zzz
zzz
zzz
zzz
zzz
zzz
zzz
zzz
zzz
zzz
zzz
zzz
zzz
zzz
zzz
zzz
zzz
zzz
zzz
zzz
zzz
zzz
zzz
zzz
zzz
zzz
zzz
zzz
zzz
zzz
zzz
zzz
zzz
zzz
zzz
zzz
zzz
zzz
zzz
zzz
zzz
zzz
zzz
zzz
zzz
zzz
zzz
zzz
zzz
zzz
zzz
zzz
zzz
zzz
zzz
zzz
zzz
zzz
zzz
zzz
zzz
zzz
zzz
zzz
zzz
zzz
zzz
zzz
zzz
zzz
zzz
zzz
zzz
zzz
zzz
zzz
zzz
zzz
zzz
zzz
zzz
zzz
zzz
zzz
zzz
zzz
zzz
zzz
zzz
zzz
zzz
zzz
zzz
zzz
zzz
zzz
zzz
zzz
zzz
zzz
zzz
zzz
zzz
zzz
zzz
zzz
zzz
zzz
zzz
zzz
zzz
zzz
zzz
zzz
zzz
zzz
zzz
zzz
zzz
zzz
zzz
zzz
zzz
zzz
zzz
zzz
zzz
zzz
zzz
zzz
zzz
zzz
zzz
zzz
zzz
zzz
zzz
zzz
zzz
zzz
zzz
zzz
zzz
zzz
zzz
zzz
zzz
zzz
zzz
zzz
zzz
zzz
zzz
zzz
zzz
zzz
zzz
zzz
zzz
zzz
zzz
zzz
zzz
zzz
zzz
zzz
zzz
zzz
zzz
zzz
zzz
zzz
zzz
zzz
zzz
zzz
zzz
zzz
zzz
zzz
zzz
zzz
zzz
zzz
zzz
zzz
zzz
zzz
zzz
zzz
zzz
zzz
zzz
zzz
zzz
zzz
zzz
zzz
zzz
zzz
zzz
zzz
zzz
zzz
zzz
zzz
zzz
zzz
zzz
zzz
zzz
zzz
zzz
zzz
zzz
zzz
zzz
zzz
zzz
zzz
zzz
zzz
zzz
zzz
zzz
zzz
zzz
zzz
zzz
zzz
zzz
zzz
zzz
zzz
zzz
zzz
zzz
zzz
zzz
zzz
zzz
zzz
zzz
zzz
zzz
zzz
zzz
zzz
zzz
zzz
zzz
zzz
zzz
zzz
zzz
zzz
zzz
zzz
zzz
zzz
zzz
zzz
zzz
zzz
zzz
zzz
zzz
zzz
zzz
zzz
zzz
zzz
zzz
zzz
zzz
zzz
zzz
zzz
zzz
zzz
zzz
zzz
zzz
zzz
zzz
zzz
zzz
zzz
zzz
zzz
zzz
zzz
zzz
zzz
zzz
zzz
zzz
zzz
zzz
zzz
zzz
zzz
zzz
zzz
zzz
zzz
zzz
zzz
zzz
zzz
zzz
zzz
zzz
zzz
zzz
zzz
zzz
zzz
zzz
zzz
zzz
zzz
zzz
zzz
zzz
zzz
zzz
zzz
zzz
zzz
zzz
zzz
zzz
zzz
zzz
zzz
zzz
zzz
zzz
zzz
zzz
zzz
zzz
zzz
zzz
zzz
zzz
zzz
zzz
zzz
zzz
zzz
zzz
zzz
zzz
