---taskmaster session : 2020-06-29 14:53:09---
old conf file {}
INIT PS : random101 | obj : None | props : {'cmd': 'sh pgrms/sec_counter.bash', 'stoptime': '5'}
INIT PS : shg | obj : None | props : {'cmd': 'python3 pgrms/shg/main_shg.py', 'nbps': '3', 'stoptime': '5'}
INIT PS : shg | obj : None | props : {'cmd': 'python3 pgrms/shg/main_shg.py', 'nbps': '3', 'stoptime': '5'}
INIT PS : shg | obj : None | props : {'cmd': 'python3 pgrms/shg/main_shg.py', 'nbps': '3', 'stoptime': '5'}
updated conf file {'random101': {'cmd': 'sh pgrms/sec_counter.bash', 'stoptime': '5'}, 'shg': {'cmd': 'python3 pgrms/shg/main_shg.py', 'nbps': '3', 'stoptime': '5'}}
name:random101                      | cmd:sh pgrms/sec_counter.bash      | state: ?          | PID:None    | runtime:None       | returncode:None 
name:shg                            | cmd:python3 pgrms/shg/main_shg.py  | state: ?          | PID:None    | runtime:None       | returncode:None 
name:shg                            | cmd:python3 pgrms/shg/main_shg.py  | state: ?          | PID:None    | runtime:None       | returncode:None 
name:shg                            | cmd:python3 pgrms/shg/main_shg.py  | state: ?          | PID:None    | runtime:None       | returncode:None 
taskmaster> start shg
umask 022 && cd ./ && export TEST=TEST && python3 pgrms/shg/main_shg.py
action start launched
umask 022 && cd ./ && export TEST=TEST && python3 pgrms/shg/main_shg.py
action start launched
umask 022 && cd ./ && export TEST=TEST && python3 pgrms/shg/main_shg.py
action start launched
taskmaster> status
name:random101                      | cmd:sh pgrms/sec_counter.bash      | state: ?          | PID:None    | runtime:None       | returncode:None 
name:shg                            | cmd:python3 pgrms/shg/main_shg.py  | state: ?          | PID:54350   | runtime:0:00:29    | returncode:143 
name:shg                            | cmd:python3 pgrms/shg/main_shg.py  | state: ?          | PID:54351   | runtime:0:00:29    | returncode:0   
name:shg                            | cmd:python3 pgrms/shg/main_shg.py  | state: ?          | PID:54353   | runtime:0:00:29    | returncode:143 
taskmaster> status
name:random101                      | cmd:sh pgrms/sec_counter.bash      | state: ?          | PID:None    | runtime:None       | returncode:None 
name:shg                            | cmd:python3 pgrms/shg/main_shg.py  | state: ?          | PID:54350   | runtime:0:00:49    | returncode:143 
name:shg                            | cmd:python3 pgrms/shg/main_shg.py  | state: ?          | PID:54351   | runtime:0:00:49    | returncode:0   
name:shg                            | cmd:python3 pgrms/shg/main_shg.py  | state: ?          | PID:54353   | runtime:0:00:49    | returncode:143 
taskmaster> status
name:random101                      | cmd:sh pgrms/sec_counter.bash      | state: ?          | PID:None    | runtime:None       | returncode:None 
name:shg                            | cmd:python3 pgrms/shg/main_shg.py  | state: ?          | PID:54350   | runtime:0:00:50    | returncode:143 
name:shg                            | cmd:python3 pgrms/shg/main_shg.py  | state: ?          | PID:54351   | runtime:0:00:50    | returncode:0   
name:shg                            | cmd:python3 pgrms/shg/main_shg.py  | state: ?          | PID:54353   | runtime:0:00:50    | returncode:143 
taskmaster> status
name:random101                      | cmd:sh pgrms/sec_counter.bash      | state: ?          | PID:None    | runtime:None       | returncode:None 
name:shg                            | cmd:python3 pgrms/shg/main_shg.py  | state: ?          | PID:54350   | runtime:0:00:50    | returncode:143 
name:shg                            | cmd:python3 pgrms/shg/main_shg.py  | state: ?          | PID:54351   | runtime:0:00:50    | returncode:0   
name:shg                            | cmd:python3 pgrms/shg/main_shg.py  | state: ?          | PID:54353   | runtime:0:00:50    | returncode:143 
taskmaster> status
name:random101                      | cmd:sh pgrms/sec_counter.bash      | state: ?          | PID:None    | runtime:None       | returncode:None 
name:shg                            | cmd:python3 pgrms/shg/main_shg.py  | state: ?          | PID:54350   | runtime:0:00:51    | returncode:143 
name:shg                            | cmd:python3 pgrms/shg/main_shg.py  | state: ?          | PID:54351   | runtime:0:00:51    | returncode:0   
name:shg                            | cmd:python3 pgrms/shg/main_shg.py  | state: ?          | PID:54353   | runtime:0:00:51    | returncode:143 
taskmaster> status
name:random101                      | cmd:sh pgrms/sec_counter.bash      | state: ?          | PID:None    | runtime:None       | returncode:None 
name:shg                            | cmd:python3 pgrms/shg/main_shg.py  | state: ?          | PID:54350   | runtime:0:00:52    | returncode:143 
name:shg                            | cmd:python3 pgrms/shg/main_shg.py  | state: ?          | PID:54351   | runtime:0:00:52    | returncode:0   
name:shg                            | cmd:python3 pgrms/shg/main_shg.py  | state: ?          | PID:54353   | runtime:0:00:52    | returncode:143 
taskmaster> status
name:random101                      | cmd:sh pgrms/sec_counter.bash      | state: ?          | PID:None    | runtime:None       | returncode:None 
name:shg                            | cmd:python3 pgrms/shg/main_shg.py  | state: ?          | PID:54350   | runtime:0:00:52    | returncode:143 
name:shg                            | cmd:python3 pgrms/shg/main_shg.py  | state: ?          | PID:54351   | runtime:0:00:52    | returncode:0   
name:shg                            | cmd:python3 pgrms/shg/main_shg.py  | state: ?          | PID:54353   | runtime:0:00:52    | returncode:143 
taskmaster> status
name:random101                      | cmd:sh pgrms/sec_counter.bash      | state: ?          | PID:None    | runtime:None       | returncode:None 
name:shg                            | cmd:python3 pgrms/shg/main_shg.py  | state: ?          | PID:54350   | runtime:0:00:53    | returncode:143 
name:shg                            | cmd:python3 pgrms/shg/main_shg.py  | state: ?          | PID:54351   | runtime:0:00:53    | returncode:0   
name:shg                            | cmd:python3 pgrms/shg/main_shg.py  | state: ?          | PID:54353   | runtime:0:00:53    | returncode:143 
taskmaster> start shg
action start already launched
action start already launched
action start already launched
taskmaster> status
name:random101                      | cmd:sh pgrms/sec_counter.bash      | state: ?          | PID:None    | runtime:None       | returncode:None 
name:shg                            | cmd:python3 pgrms/shg/main_shg.py  | state: ?          | PID:54350   | runtime:0:01:02    | returncode:143 
name:shg                            | cmd:python3 pgrms/shg/main_shg.py  | state: ?          | PID:54351   | runtime:0:01:02    | returncode:0   
name:shg                            | cmd:python3 pgrms/shg/main_shg.py  | state: ?          | PID:54353   | runtime:0:01:02    | returncode:143 
taskmaster> status
name:random101                      | cmd:sh pgrms/sec_counter.bash      | state: ?          | PID:None    | runtime:None       | returncode:None 
name:shg                            | cmd:python3 pgrms/shg/main_shg.py  | state: ?          | PID:54350   | runtime:0:01:03    | returncode:143 
name:shg                            | cmd:python3 pgrms/shg/main_shg.py  | state: ?          | PID:54351   | runtime:0:01:03    | returncode:0   
name:shg                            | cmd:python3 pgrms/shg/main_shg.py  | state: ?          | PID:54353   | runtime:0:01:03    | returncode:143 
taskmaster> status
name:random101                      | cmd:sh pgrms/sec_counter.bash      | state: ?          | PID:None    | runtime:None       | returncode:None 
name:shg                            | cmd:python3 pgrms/shg/main_shg.py  | state: ?          | PID:54350   | runtime:0:01:04    | returncode:143 
name:shg                            | cmd:python3 pgrms/shg/main_shg.py  | state: ?          | PID:54351   | runtime:0:01:04    | returncode:0   
name:shg                            | cmd:python3 pgrms/shg/main_shg.py  | state: ?          | PID:54353   | runtime:0:01:04    | returncode:143 
taskmaster> status
name:random101                      | cmd:sh pgrms/sec_counter.bash      | state: ?          | PID:None    | runtime:None       | returncode:None 
name:shg                            | cmd:python3 pgrms/shg/main_shg.py  | state: ?          | PID:54350   | runtime:0:01:04    | returncode:143 
name:shg                            | cmd:python3 pgrms/shg/main_shg.py  | state: ?          | PID:54351   | runtime:0:01:04    | returncode:0   
name:shg                            | cmd:python3 pgrms/shg/main_shg.py  | state: ?          | PID:54353   | runtime:0:01:04    | returncode:143 
taskmaster> status
name:random101                      | cmd:sh pgrms/sec_counter.bash      | state: ?          | PID:None    | runtime:None       | returncode:None 
name:shg                            | cmd:python3 pgrms/shg/main_shg.py  | state: ?          | PID:54350   | runtime:0:01:05    | returncode:143 
name:shg                            | cmd:python3 pgrms/shg/main_shg.py  | state: ?          | PID:54351   | runtime:0:01:05    | returncode:0   
name:shg                            | cmd:python3 pgrms/shg/main_shg.py  | state: ?          | PID:54353   | runtime:0:01:05    | returncode:143 
taskmaster> status
name:random101                      | cmd:sh pgrms/sec_counter.bash      | state: ?          | PID:None    | runtime:None       | returncode:None 
name:shg                            | cmd:python3 pgrms/shg/main_shg.py  | state: ?          | PID:54350   | runtime:0:01:06    | returncode:143 
name:shg                            | cmd:python3 pgrms/shg/main_shg.py  | state: ?          | PID:54351   | runtime:0:01:06    | returncode:0   
name:shg                            | cmd:python3 pgrms/shg/main_shg.py  | state: ?          | PID:54353   | runtime:0:01:06    | returncode:143 
taskmaster> status
name:random101                      | cmd:sh pgrms/sec_counter.bash      | state: ?          | PID:None    | runtime:None       | returncode:None 
name:shg                            | cmd:python3 pgrms/shg/main_shg.py  | state: ?          | PID:54350   | runtime:0:01:06    | returncode:143 
name:shg                            | cmd:python3 pgrms/shg/main_shg.py  | state: ?          | PID:54351   | runtime:0:01:06    | returncode:0   
name:shg                            | cmd:python3 pgrms/shg/main_shg.py  | state: ?          | PID:54353   | runtime:0:01:06    | returncode:143 
taskmaster> status
name:random101                      | cmd:sh pgrms/sec_counter.bash      | state: ?          | PID:None    | runtime:None       | returncode:None 
name:shg                            | cmd:python3 pgrms/shg/main_shg.py  | state: ?          | PID:54350   | runtime:0:01:08    | returncode:143 
name:shg                            | cmd:python3 pgrms/shg/main_shg.py  | state: ?          | PID:54351   | runtime:0:01:08    | returncode:0   
name:shg                            | cmd:python3 pgrms/shg/main_shg.py  | state: ?          | PID:54353   | runtime:0:01:08    | returncode:143 
taskmaster> status
name:random101                      | cmd:sh pgrms/sec_counter.bash      | state: ?          | PID:None    | runtime:None       | returncode:None 
name:shg                            | cmd:python3 pgrms/shg/main_shg.py  | state: ?          | PID:54350   | runtime:0:01:10    | returncode:143 
name:shg                            | cmd:python3 pgrms/shg/main_shg.py  | state: ?          | PID:54351   | runtime:0:01:10    | returncode:0   
name:shg                            | cmd:python3 pgrms/shg/main_shg.py  | state: ?          | PID:54353   | runtime:0:01:10    | returncode:143 
taskmaster> start shg
action start already launched
action start already launched
action start already launched
taskmaster> print pss
taskmaster> exit
<Exiting Taskmaster>


DESTROY all insts random101
---taskmaster session : 2020-06-29 14:57:49---
old conf file {}
INIT PS : random101 | obj : None | props : {'cmd': 'sh pgrms/sec_counter.bash', 'stoptime': '5'}
INIT PS : shg | obj : None | props : {'cmd': 'python3 pgrms/shg/main_shg.py', 'nbps': '3', 'stoptime': '5'}
INIT PS : shg | obj : None | props : {'cmd': 'python3 pgrms/shg/main_shg.py', 'nbps': '3', 'stoptime': '5'}
INIT PS : shg | obj : None | props : {'cmd': 'python3 pgrms/shg/main_shg.py', 'nbps': '3', 'stoptime': '5'}
updated conf file {'random101': {'cmd': 'sh pgrms/sec_counter.bash', 'stoptime': '5'}, 'shg': {'cmd': 'python3 pgrms/shg/main_shg.py', 'nbps': '3', 'stoptime': '5'}}
name:random101                      | cmd:sh pgrms/sec_counter.bash      | state: ?          | PID:None    | runtime:None       | returncode:None 
name:shg                            | cmd:python3 pgrms/shg/main_shg.py  | state: ?          | PID:None    | runtime:None       | returncode:None 
name:shg                            | cmd:python3 pgrms/shg/main_shg.py  | state: ?          | PID:None    | runtime:None       | returncode:None 
name:shg                            | cmd:python3 pgrms/shg/main_shg.py  | state: ?          | PID:None    | runtime:None       | returncode:None 
taskmaster> print pss
taskmaster> start shg
umask 022 && cd ./ && export TEST=TEST && python3 pgrms/shg/main_shg.py
action start launched
umask 022 && cd ./ && export TEST=TEST && python3 pgrms/shg/main_shg.py
action start launched
umask 022 && cd ./ && export TEST=TEST && python3 pgrms/shg/main_shg.py
action start launched
taskmaster> status
name:random101                      | cmd:sh pgrms/sec_counter.bash      | state: ?          | PID:None    | runtime:None       | returncode:None 
name:shg                            | cmd:python3 pgrms/shg/main_shg.py  | state: ?          | PID:55377   | runtime:0:00:12    | returncode:None 
name:shg                            | cmd:python3 pgrms/shg/main_shg.py  | state: ?          | PID:55378   | runtime:0:00:12    | returncode:None 
name:shg                            | cmd:python3 pgrms/shg/main_shg.py  | state: ?          | PID:55380   | runtime:0:00:12    | returncode:0   
taskmaster> status
name:random101                      | cmd:sh pgrms/sec_counter.bash      | state: ?          | PID:None    | runtime:None       | returncode:None 
name:shg                            | cmd:python3 pgrms/shg/main_shg.py  | state: ?          | PID:55377   | runtime:0:00:17    | returncode:None 
name:shg                            | cmd:python3 pgrms/shg/main_shg.py  | state: ?          | PID:55378   | runtime:0:00:17    | returncode:None 
name:shg                            | cmd:python3 pgrms/shg/main_shg.py  | state: ?          | PID:None    | runtime:None       | returncode:None 
taskmaster> status
name:random101                      | cmd:sh pgrms/sec_counter.bash      | state: ?          | PID:None    | runtime:None       | returncode:None 
name:shg                            | cmd:python3 pgrms/shg/main_shg.py  | state: ?          | PID:55377   | runtime:0:00:19    | returncode:None 
name:shg                            | cmd:python3 pgrms/shg/main_shg.py  | state: ?          | PID:55378   | runtime:0:00:19    | returncode:None 
name:shg                            | cmd:python3 pgrms/shg/main_shg.py  | state: ?          | PID:None    | runtime:None       | returncode:None 
taskmaster> status
name:random101                      | cmd:sh pgrms/sec_counter.bash      | state: ?          | PID:None    | runtime:None       | returncode:None 
name:shg                            | cmd:python3 pgrms/shg/main_shg.py  | state: ?          | PID:55377   | runtime:0:00:25    | returncode:None 
name:shg                            | cmd:python3 pgrms/shg/main_shg.py  | state: ?          | PID:55378   | runtime:0:00:25    | returncode:None 
name:shg                            | cmd:python3 pgrms/shg/main_shg.py  | state: ?          | PID:None    | runtime:None       | returncode:None 
taskmaster> status
name:random101                      | cmd:sh pgrms/sec_counter.bash      | state: ?          | PID:None    | runtime:None       | returncode:None 
name:shg                            | cmd:python3 pgrms/shg/main_shg.py  | state: ?          | PID:55377   | runtime:0:00:27    | returncode:None 
name:shg                            | cmd:python3 pgrms/shg/main_shg.py  | state: ?          | PID:55378   | runtime:0:00:27    | returncode:None 
name:shg                            | cmd:python3 pgrms/shg/main_shg.py  | state: ?          | PID:None    | runtime:None       | returncode:None 
taskmaster> status
name:random101                      | cmd:sh pgrms/sec_counter.bash      | state: ?          | PID:None    | runtime:None       | returncode:None 
name:shg                            | cmd:python3 pgrms/shg/main_shg.py  | state: ?          | PID:55377   | runtime:0:00:27    | returncode:None 
name:shg                            | cmd:python3 pgrms/shg/main_shg.py  | state: ?          | PID:55378   | runtime:0:00:27    | returncode:None 
name:shg                            | cmd:python3 pgrms/shg/main_shg.py  | state: ?          | PID:None    | runtime:None       | returncode:None 
taskmaster> status
name:random101                      | cmd:sh pgrms/sec_counter.bash      | state: ?          | PID:None    | runtime:None       | returncode:None 
name:shg                            | cmd:python3 pgrms/shg/main_shg.py  | state: ?          | PID:55377   | runtime:0:00:28    | returncode:None 
name:shg                            | cmd:python3 pgrms/shg/main_shg.py  | state: ?          | PID:55378   | runtime:0:00:28    | returncode:None 
name:shg                            | cmd:python3 pgrms/shg/main_shg.py  | state: ?          | PID:None    | runtime:None       | returncode:None 
taskmaster> status
name:random101                      | cmd:sh pgrms/sec_counter.bash      | state: ?          | PID:None    | runtime:None       | returncode:None 
name:shg                            | cmd:python3 pgrms/shg/main_shg.py  | state: ?          | PID:55377   | runtime:0:00:37    | returncode:None 
name:shg                            | cmd:python3 pgrms/shg/main_shg.py  | state: ?          | PID:55378   | runtime:0:00:37    | returncode:None 
name:shg                            | cmd:python3 pgrms/shg/main_shg.py  | state: ?          | PID:None    | runtime:None       | returncode:None 
taskmaster> status
name:random101                      | cmd:sh pgrms/sec_counter.bash      | state: ?          | PID:None    | runtime:None       | returncode:None 
name:shg                            | cmd:python3 pgrms/shg/main_shg.py  | state: ?          | PID:55377   | runtime:0:02:37    | returncode:None 
name:shg                            | cmd:python3 pgrms/shg/main_shg.py  | state: ?          | PID:55378   | runtime:0:02:37    | returncode:None 
name:shg                            | cmd:python3 pgrms/shg/main_shg.py  | state: ?          | PID:None    | runtime:None       | returncode:None 
taskmaster> print pss
taskmaster> start shg
action start already launched
action start already launched
umask 022 && cd ./ && export TEST=TEST && python3 pgrms/shg/main_shg.py
action start launched
taskmaster> status
name:random101                      | cmd:sh pgrms/sec_counter.bash      | state: ?          | PID:None    | runtime:None       | returncode:None 
name:shg                            | cmd:python3 pgrms/shg/main_shg.py  | state: ?          | PID:55377   | runtime:0:03:17    | returncode:None 
name:shg                            | cmd:python3 pgrms/shg/main_shg.py  | state: ?          | PID:55378   | runtime:0:03:17    | returncode:None 
name:shg                            | cmd:python3 pgrms/shg/main_shg.py  | state: ?          | PID:56005   | runtime:0:00:09    | returncode:None 
taskmaster> status
name:random101                      | cmd:sh pgrms/sec_counter.bash      | state: ?          | PID:None    | runtime:None       | returncode:None 
name:shg                            | cmd:python3 pgrms/shg/main_shg.py  | state: ?          | PID:55377   | runtime:0:03:18    | returncode:None 
name:shg                            | cmd:python3 pgrms/shg/main_shg.py  | state: ?          | PID:55378   | runtime:0:03:18    | returncode:None 
name:shg                            | cmd:python3 pgrms/shg/main_shg.py  | state: ?          | PID:56005   | runtime:0:00:10    | returncode:None 
taskmaster> status
name:random101                      | cmd:sh pgrms/sec_counter.bash      | state: ?          | PID:None    | runtime:None       | returncode:None 
name:shg                            | cmd:python3 pgrms/shg/main_shg.py  | state: ?          | PID:55377   | runtime:0:03:19    | returncode:None 
name:shg                            | cmd:python3 pgrms/shg/main_shg.py  | state: ?          | PID:55378   | runtime:0:03:19    | returncode:None 
name:shg                            | cmd:python3 pgrms/shg/main_shg.py  | state: ?          | PID:56005   | runtime:0:00:11    | returncode:None 
taskmaster> status
name:random101                      | cmd:sh pgrms/sec_counter.bash      | state: ?          | PID:None    | runtime:None       | returncode:None 
name:shg                            | cmd:python3 pgrms/shg/main_shg.py  | state: ?          | PID:55377   | runtime:0:03:20    | returncode:None 
name:shg                            | cmd:python3 pgrms/shg/main_shg.py  | state: ?          | PID:55378   | runtime:0:03:20    | returncode:None 
name:shg                            | cmd:python3 pgrms/shg/main_shg.py  | state: ?          | PID:56005   | runtime:0:00:12    | returncode:None 
taskmaster> status
name:random101                      | cmd:sh pgrms/sec_counter.bash      | state: ?          | PID:None    | runtime:None       | returncode:None 
name:shg                            | cmd:python3 pgrms/shg/main_shg.py  | state: ?          | PID:55377   | runtime:0:03:20    | returncode:None 
name:shg                            | cmd:python3 pgrms/shg/main_shg.py  | state: ?          | PID:55378   | runtime:0:03:20    | returncode:None 
name:shg                            | cmd:python3 pgrms/shg/main_shg.py  | state: ?          | PID:56005   | runtime:0:00:12    | returncode:None 
taskmaster> status
name:random101                      | cmd:sh pgrms/sec_counter.bash      | state: ?          | PID:None    | runtime:None       | returncode:None 
name:shg                            | cmd:python3 pgrms/shg/main_shg.py  | state: ?          | PID:55377   | runtime:0:03:21    | returncode:None 
name:shg                            | cmd:python3 pgrms/shg/main_shg.py  | state: ?          | PID:55378   | runtime:0:03:21    | returncode:None 
name:shg                            | cmd:python3 pgrms/shg/main_shg.py  | state: ?          | PID:56005   | runtime:0:00:13    | returncode:None 
taskmaster> status
name:random101                      | cmd:sh pgrms/sec_counter.bash      | state: ?          | PID:None    | runtime:None       | returncode:None 
name:shg                            | cmd:python3 pgrms/shg/main_shg.py  | state: ?          | PID:55377   | runtime:0:03:42    | returncode:None 
name:shg                            | cmd:python3 pgrms/shg/main_shg.py  | state: ?          | PID:55378   | runtime:0:03:42    | returncode:143 
name:shg                            | cmd:python3 pgrms/shg/main_shg.py  | state: ?          | PID:56005   | runtime:0:00:34    | returncode:None 
taskmaster> status
name:random101                      | cmd:sh pgrms/sec_counter.bash      | state: ?          | PID:None    | runtime:None       | returncode:None 
name:shg                            | cmd:python3 pgrms/shg/main_shg.py  | state: ?          | PID:55377   | runtime:0:05:07    | returncode:None 
name:shg                            | cmd:python3 pgrms/shg/main_shg.py  | state: ?          | PID:None    | runtime:None       | returncode:None 
name:shg                            | cmd:python3 pgrms/shg/main_shg.py  | state: ?          | PID:56005   | runtime:0:01:59    | returncode:None 
taskmaster> status
name:random101                      | cmd:sh pgrms/sec_counter.bash      | state: ?          | PID:None    | runtime:None       | returncode:None 
name:shg                            | cmd:python3 pgrms/shg/main_shg.py  | state: ?          | PID:55377   | runtime:0:05:14    | returncode:None 
name:shg                            | cmd:python3 pgrms/shg/main_shg.py  | state: ?          | PID:None    | runtime:None       | returncode:None 
name:shg                            | cmd:python3 pgrms/shg/main_shg.py  | state: ?          | PID:56005   | runtime:0:02:06    | returncode:None 
taskmaster> exit
<Exiting Taskmaster>


DESTROY all insts random101
DESTROY all insts shg
---taskmaster session : 2020-06-29 15:05:07---
old conf file {}
INIT PS : shg | obj : None | props : {'cmd': 'python3 pgrms/shg/main_shg.py', 'nbps': '3', 'stoptime': '5'}
INIT PS : shg | obj : None | props : {'cmd': 'python3 pgrms/shg/main_shg.py', 'nbps': '3', 'stoptime': '5'}
INIT PS : shg | obj : None | props : {'cmd': 'python3 pgrms/shg/main_shg.py', 'nbps': '3', 'stoptime': '5'}
INIT PS : random101 | obj : None | props : {'cmd': 'sh pgrms/sec_counter.bash', 'stoptime': '5'}
updated conf file {'random101': {'cmd': 'sh pgrms/sec_counter.bash', 'stoptime': '5'}, 'shg': {'cmd': 'python3 pgrms/shg/main_shg.py', 'nbps': '3', 'stoptime': '5'}}
name:shg                            | cmd:python3 pgrms/shg/main_shg.py  | state: ?          | PID:None    | runtime:None       | returncode:None 
name:shg                            | cmd:python3 pgrms/shg/main_shg.py  | state: ?          | PID:None    | runtime:None       | returncode:None 
name:shg                            | cmd:python3 pgrms/shg/main_shg.py  | state: ?          | PID:None    | runtime:None       | returncode:None 
name:random101                      | cmd:sh pgrms/sec_counter.bash      | state: ?          | PID:None    | runtime:None       | returncode:None 
taskmaster> status
name:shg                            | cmd:python3 pgrms/shg/main_shg.py  | state: ?          | PID:None    | runtime:None       | returncode:None 
name:shg                            | cmd:python3 pgrms/shg/main_shg.py  | state: ?          | PID:None    | runtime:None       | returncode:None 
name:shg                            | cmd:python3 pgrms/shg/main_shg.py  | state: ?          | PID:None    | runtime:None       | returncode:None 
name:random101                      | cmd:sh pgrms/sec_counter.bash      | state: ?          | PID:None    | runtime:None       | returncode:None 
taskmaster> start shg
umask 022 && cd ./ && export TEST=TEST && python3 pgrms/shg/main_shg.py
action start launched
umask 022 && cd ./ && export TEST=TEST && python3 pgrms/shg/main_shg.py
action start launched
umask 022 && cd ./ && export TEST=TEST && python3 pgrms/shg/main_shg.py
action start launched
taskmaster> status
name:shg                            | cmd:python3 pgrms/shg/main_shg.py  | state: ?          | PID:56898   | runtime:0:00:19    | returncode:None 
name:shg                            | cmd:python3 pgrms/shg/main_shg.py  | state: ?          | PID:56899   | runtime:0:00:19    | returncode:None 
name:shg                            | cmd:python3 pgrms/shg/main_shg.py  | state: ?          | PID:56901   | runtime:0:00:19    | returncode:143 
name:random101                      | cmd:sh pgrms/sec_counter.bash      | state: ?          | PID:None    | runtime:None       | returncode:None 
taskmaster> status
name:shg                            | cmd:python3 pgrms/shg/main_shg.py  | state: ?          | PID:56898   | runtime:0:00:23    | returncode:None 
name:shg                            | cmd:python3 pgrms/shg/main_shg.py  | state: ?          | PID:56899   | runtime:0:00:23    | returncode:None 
None
name:random101                      | cmd:sh pgrms/sec_counter.bash      | state: ?          | PID:None    | runtime:None       | returncode:None 
taskmaster> status
name:shg                            | cmd:python3 pgrms/shg/main_shg.py  | state: ?          | PID:56898   | runtime:0:00:28    | returncode:None 
name:shg                            | cmd:python3 pgrms/shg/main_shg.py  | state: ?          | PID:56899   | runtime:0:00:28    | returncode:None 
None
name:random101                      | cmd:sh pgrms/sec_counter.bash      | state: ?          | PID:None    | runtime:None       | returncode:None 
taskmaster> status
name:shg                            | cmd:python3 pgrms/shg/main_shg.py  | state: ?          | PID:56898   | runtime:0:00:28    | returncode:None 
name:shg                            | cmd:python3 pgrms/shg/main_shg.py  | state: ?          | PID:56899   | runtime:0:00:28    | returncode:None 
None
name:random101                      | cmd:sh pgrms/sec_counter.bash      | state: ?          | PID:None    | runtime:None       | returncode:None 
taskmaster> status
name:shg                            | cmd:python3 pgrms/shg/main_shg.py  | state: ?          | PID:56898   | runtime:0:00:29    | returncode:None 
name:shg                            | cmd:python3 pgrms/shg/main_shg.py  | state: ?          | PID:56899   | runtime:0:00:29    | returncode:None 
None
name:random101                      | cmd:sh pgrms/sec_counter.bash      | state: ?          | PID:None    | runtime:None       | returncode:None 
taskmaster> status
name:shg                            | cmd:python3 pgrms/shg/main_shg.py  | state: ?          | PID:56898   | runtime:0:00:30    | returncode:None 
name:shg                            | cmd:python3 pgrms/shg/main_shg.py  | state: ?          | PID:56899   | runtime:0:00:30    | returncode:None 
None
name:random101                      | cmd:sh pgrms/sec_counter.bash      | state: ?          | PID:None    | runtime:None       | returncode:None 
taskmaster> status
name:shg                            | cmd:python3 pgrms/shg/main_shg.py  | state: ?          | PID:56898   | runtime:0:00:30    | returncode:None 
name:shg                            | cmd:python3 pgrms/shg/main_shg.py  | state: ?          | PID:56899   | runtime:0:00:30    | returncode:None 
None
name:random101                      | cmd:sh pgrms/sec_counter.bash      | state: ?          | PID:None    | runtime:None       | returncode:None 
taskmaster> status
name:shg                            | cmd:python3 pgrms/shg/main_shg.py  | state: ?          | PID:56898   | runtime:0:00:31    | returncode:None 
name:shg                            | cmd:python3 pgrms/shg/main_shg.py  | state: ?          | PID:56899   | runtime:0:00:31    | returncode:None 
None
name:random101                      | cmd:sh pgrms/sec_counter.bash      | state: ?          | PID:None    | runtime:None       | returncode:None 
taskmaster> status
name:shg                            | cmd:python3 pgrms/shg/main_shg.py  | state: ?          | PID:56898   | runtime:0:00:32    | returncode:None 
name:shg                            | cmd:python3 pgrms/shg/main_shg.py  | state: ?          | PID:56899   | runtime:0:00:32    | returncode:None 
None
name:random101                      | cmd:sh pgrms/sec_counter.bash      | state: ?          | PID:None    | runtime:None       | returncode:None 
taskmaster> status
name:shg                            | cmd:python3 pgrms/shg/main_shg.py  | state: ?          | PID:56898   | runtime:0:00:32    | returncode:None 
name:shg                            | cmd:python3 pgrms/shg/main_shg.py  | state: ?          | PID:56899   | runtime:0:00:32    | returncode:None 
None
name:random101                      | cmd:sh pgrms/sec_counter.bash      | state: ?          | PID:None    | runtime:None       | returncode:None 
taskmaster> status
name:shg                            | cmd:python3 pgrms/shg/main_shg.py  | state: ?          | PID:56898   | runtime:0:00:33    | returncode:None 
name:shg                            | cmd:python3 pgrms/shg/main_shg.py  | state: ?          | PID:56899   | runtime:0:00:33    | returncode:None 
None
name:random101                      | cmd:sh pgrms/sec_counter.bash      | state: ?          | PID:None    | runtime:None       | returncode:None 
taskmaster> status
name:shg                            | cmd:python3 pgrms/shg/main_shg.py  | state: ?          | PID:56898   | runtime:0:00:34    | returncode:None 
name:shg                            | cmd:python3 pgrms/shg/main_shg.py  | state: ?          | PID:56899   | runtime:0:00:34    | returncode:None 
None
name:random101                      | cmd:sh pgrms/sec_counter.bash      | state: ?          | PID:None    | runtime:None       | returncode:None 
taskmaster> status
name:shg                            | cmd:python3 pgrms/shg/main_shg.py  | state: ?          | PID:56898   | runtime:0:00:34    | returncode:None 
name:shg                            | cmd:python3 pgrms/shg/main_shg.py  | state: ?          | PID:56899   | runtime:0:00:34    | returncode:None 
None
name:random101                      | cmd:sh pgrms/sec_counter.bash      | state: ?          | PID:None    | runtime:None       | returncode:None 
taskmaster> status
name:shg                            | cmd:python3 pgrms/shg/main_shg.py  | state: ?          | PID:56898   | runtime:0:00:35    | returncode:None 
name:shg                            | cmd:python3 pgrms/shg/main_shg.py  | state: ?          | PID:56899   | runtime:0:00:35    | returncode:None 
None
name:random101                      | cmd:sh pgrms/sec_counter.bash      | state: ?          | PID:None    | runtime:None       | returncode:None 
taskmaster> status
name:shg                            | cmd:python3 pgrms/shg/main_shg.py  | state: ?          | PID:56898   | runtime:0:00:36    | returncode:None 
name:shg                            | cmd:python3 pgrms/shg/main_shg.py  | state: ?          | PID:56899   | runtime:0:00:36    | returncode:None 
None
name:random101                      | cmd:sh pgrms/sec_counter.bash      | state: ?          | PID:None    | runtime:None       | returncode:None 
taskmaster> start shg
action start already launched
action start already launched
umask 022 && cd ./ && export TEST=TEST && python3 pgrms/shg/main_shg.py
action start launched
taskmaster> status
name:shg                            | cmd:python3 pgrms/shg/main_shg.py  | state: ?          | PID:56898   | runtime:0:00:46    | returncode:None 
name:shg                            | cmd:python3 pgrms/shg/main_shg.py  | state: ?          | PID:56899   | runtime:0:00:46    | returncode:None 
name:shg                            | cmd:python3 pgrms/shg/main_shg.py  | state: ?          | PID:57044   | runtime:0:00:03    | returncode:None 
name:random101                      | cmd:sh pgrms/sec_counter.bash      | state: ?          | PID:None    | runtime:None       | returncode:None 
taskmaster> status
name:shg                            | cmd:python3 pgrms/shg/main_shg.py  | state: ?          | PID:56898   | runtime:0:00:48    | returncode:None 
name:shg                            | cmd:python3 pgrms/shg/main_shg.py  | state: ?          | PID:56899   | runtime:0:00:48    | returncode:None 
name:shg                            | cmd:python3 pgrms/shg/main_shg.py  | state: ?          | PID:57044   | runtime:0:00:05    | returncode:None 
name:random101                      | cmd:sh pgrms/sec_counter.bash      | state: ?          | PID:None    | runtime:None       | returncode:None 
taskmaster> status
name:shg                            | cmd:python3 pgrms/shg/main_shg.py  | state: ?          | PID:56898   | runtime:0:00:49    | returncode:None 
name:shg                            | cmd:python3 pgrms/shg/main_shg.py  | state: ?          | PID:56899   | runtime:0:00:49    | returncode:None 
name:shg                            | cmd:python3 pgrms/shg/main_shg.py  | state: ?          | PID:57044   | runtime:0:00:06    | returncode:None 
name:random101                      | cmd:sh pgrms/sec_counter.bash      | state: ?          | PID:None    | runtime:None       | returncode:None 
taskmaster> status
name:shg                            | cmd:python3 pgrms/shg/main_shg.py  | state: ?          | PID:56898   | runtime:0:00:50    | returncode:None 
name:shg                            | cmd:python3 pgrms/shg/main_shg.py  | state: ?          | PID:56899   | runtime:0:00:50    | returncode:None 
name:shg                            | cmd:python3 pgrms/shg/main_shg.py  | state: ?          | PID:57044   | runtime:0:00:07    | returncode:None 
name:random101                      | cmd:sh pgrms/sec_counter.bash      | state: ?          | PID:None    | runtime:None       | returncode:None 
taskmaster> status
name:shg                            | cmd:python3 pgrms/shg/main_shg.py  | state: ?          | PID:56898   | runtime:0:00:53    | returncode:None 
name:shg                            | cmd:python3 pgrms/shg/main_shg.py  | state: ?          | PID:56899   | runtime:0:00:53    | returncode:None 
name:shg                            | cmd:python3 pgrms/shg/main_shg.py  | state: ?          | PID:57044   | runtime:0:00:10    | returncode:None 
name:random101                      | cmd:sh pgrms/sec_counter.bash      | state: ?          | PID:None    | runtime:None       | returncode:None 
taskmaster> status
name:shg                            | cmd:python3 pgrms/shg/main_shg.py  | state: ?          | PID:56898   | runtime:0:00:57    | returncode:None 
name:shg                            | cmd:python3 pgrms/shg/main_shg.py  | state: ?          | PID:56899   | runtime:0:00:57    | returncode:None 
name:shg                            | cmd:python3 pgrms/shg/main_shg.py  | state: ?          | PID:57044   | runtime:0:00:14    | returncode:None 
name:random101                      | cmd:sh pgrms/sec_counter.bash      | state: ?          | PID:None    | runtime:None       | returncode:None 
taskmaster> status
name:shg                            | cmd:python3 pgrms/shg/main_shg.py  | state: ?          | PID:56898   | runtime:0:00:57    | returncode:None 
name:shg                            | cmd:python3 pgrms/shg/main_shg.py  | state: ?          | PID:56899   | runtime:0:00:57    | returncode:None 
name:shg                            | cmd:python3 pgrms/shg/main_shg.py  | state: ?          | PID:57044   | runtime:0:00:14    | returncode:None 
name:random101                      | cmd:sh pgrms/sec_counter.bash      | state: ?          | PID:None    | runtime:None       | returncode:None 
taskmaster> status
name:shg                            | cmd:python3 pgrms/shg/main_shg.py  | state: ?          | PID:56898   | runtime:0:01:09    | returncode:0   
name:shg                            | cmd:python3 pgrms/shg/main_shg.py  | state: ?          | PID:56899   | runtime:0:01:09    | returncode:None 
name:shg                            | cmd:python3 pgrms/shg/main_shg.py  | state: ?          | PID:57044   | runtime:0:00:26    | returncode:None 
name:random101                      | cmd:sh pgrms/sec_counter.bash      | state: ?          | PID:None    | runtime:None       | returncode:None 
taskmaster> status
None
name:shg                            | cmd:python3 pgrms/shg/main_shg.py  | state: ?          | PID:56899   | runtime:0:01:15    | returncode:None 
name:shg                            | cmd:python3 pgrms/shg/main_shg.py  | state: ?          | PID:57044   | runtime:0:00:32    | returncode:None 
name:random101                      | cmd:sh pgrms/sec_counter.bash      | state: ?          | PID:None    | runtime:None       | returncode:None 
taskmaster> status
None
name:shg                            | cmd:python3 pgrms/shg/main_shg.py  | state: ?          | PID:56899   | runtime:0:01:16    | returncode:None 
name:shg                            | cmd:python3 pgrms/shg/main_shg.py  | state: ?          | PID:57044   | runtime:0:00:33    | returncode:None 
name:random101                      | cmd:sh pgrms/sec_counter.bash      | state: ?          | PID:None    | runtime:None       | returncode:None 
taskmaster> status
None
name:shg                            | cmd:python3 pgrms/shg/main_shg.py  | state: ?          | PID:56899   | runtime:0:01:17    | returncode:None 
name:shg                            | cmd:python3 pgrms/shg/main_shg.py  | state: ?          | PID:57044   | runtime:0:00:34    | returncode:None 
name:random101                      | cmd:sh pgrms/sec_counter.bash      | state: ?          | PID:None    | runtime:None       | returncode:None 
taskmaster> status
None
name:shg                            | cmd:python3 pgrms/shg/main_shg.py  | state: ?          | PID:56899   | runtime:0:01:18    | returncode:None 
name:shg                            | cmd:python3 pgrms/shg/main_shg.py  | state: ?          | PID:57044   | runtime:0:00:35    | returncode:None 
name:random101                      | cmd:sh pgrms/sec_counter.bash      | state: ?          | PID:None    | runtime:None       | returncode:None 
taskmaster> status
None
name:shg                            | cmd:python3 pgrms/shg/main_shg.py  | state: ?          | PID:56899   | runtime:0:01:18    | returncode:None 
name:shg                            | cmd:python3 pgrms/shg/main_shg.py  | state: ?          | PID:57044   | runtime:0:00:35    | returncode:None 
name:random101                      | cmd:sh pgrms/sec_counter.bash      | state: ?          | PID:None    | runtime:None       | returncode:None 
taskmaster> status
None
name:shg                            | cmd:python3 pgrms/shg/main_shg.py  | state: ?          | PID:56899   | runtime:0:01:19    | returncode:None 
name:shg                            | cmd:python3 pgrms/shg/main_shg.py  | state: ?          | PID:57044   | runtime:0:00:36    | returncode:None 
name:random101                      | cmd:sh pgrms/sec_counter.bash      | state: ?          | PID:None    | runtime:None       | returncode:None 
taskmaster> status
None
name:shg                            | cmd:python3 pgrms/shg/main_shg.py  | state: ?          | PID:56899   | runtime:0:01:19    | returncode:None 
name:shg                            | cmd:python3 pgrms/shg/main_shg.py  | state: ?          | PID:57044   | runtime:0:00:36    | returncode:None 
name:random101                      | cmd:sh pgrms/sec_counter.bash      | state: ?          | PID:None    | runtime:None       | returncode:None 
taskmaster> stop shg
action stop already launched
action stop launched
action stop launched
taskmaster> status
None
None
None
name:random101                      | cmd:sh pgrms/sec_counter.bash      | state: ?          | PID:None    | runtime:None       | returncode:None 
taskmaster> status
None
None
None
name:random101                      | cmd:sh pgrms/sec_counter.bash      | state: ?          | PID:None    | runtime:None       | returncode:None 
taskmaster> status
None
None
None
name:random101                      | cmd:sh pgrms/sec_counter.bash      | state: ?          | PID:None    | runtime:None       | returncode:None 
taskmaster> status
None
None
None
name:random101                      | cmd:sh pgrms/sec_counter.bash      | state: ?          | PID:None    | runtime:None       | returncode:None 
taskmaster> status
None
None
None
name:random101                      | cmd:sh pgrms/sec_counter.bash      | state: ?          | PID:None    | runtime:None       | returncode:None 
taskmaster> status
None
None
None
name:random101                      | cmd:sh pgrms/sec_counter.bash      | state: ?          | PID:None    | runtime:None       | returncode:None 
taskmaster> status
None
None
None
name:random101                      | cmd:sh pgrms/sec_counter.bash      | state: ?          | PID:None    | runtime:None       | returncode:None 
taskmaster> status
None
None
None
name:random101                      | cmd:sh pgrms/sec_counter.bash      | state: ?          | PID:None    | runtime:None       | returncode:None 
taskmaster> status
None
None
None
name:random101                      | cmd:sh pgrms/sec_counter.bash      | state: ?          | PID:None    | runtime:None       | returncode:None 
taskmaster> status
None
None
None
name:random101                      | cmd:sh pgrms/sec_counter.bash      | state: ?          | PID:None    | runtime:None       | returncode:None 
taskmaster> status
None
None
None
name:random101                      | cmd:sh pgrms/sec_counter.bash      | state: ?          | PID:None    | runtime:None       | returncode:None 
taskmaster> status
None
None
None
name:random101                      | cmd:sh pgrms/sec_counter.bash      | state: ?          | PID:None    | runtime:None       | returncode:None 
taskmaster> status
None
None
None
name:random101                      | cmd:sh pgrms/sec_counter.bash      | state: ?          | PID:None    | runtime:None       | returncode:None 
taskmaster> status
None
None
None
name:random101                      | cmd:sh pgrms/sec_counter.bash      | state: ?          | PID:None    | runtime:None       | returncode:None 
taskmaster> exit
<Exiting Taskmaster>


DESTROY all insts shg
DESTROY all insts random101
---taskmaster session : 2020-06-29 15:44:38---
old conf file {}
INIT PS : shg | obj : None | props : {'cmd': 'python3 pgrms/shg/main_shg.py', 'restart': 'yes', 'nbps': '3', 'stoptime': '5', 'exitcode': '-9'}
INIT PS : shg | obj : None | props : {'cmd': 'python3 pgrms/shg/main_shg.py', 'restart': 'yes', 'nbps': '3', 'stoptime': '5', 'exitcode': '-9'}
INIT PS : shg | obj : None | props : {'cmd': 'python3 pgrms/shg/main_shg.py', 'restart': 'yes', 'nbps': '3', 'stoptime': '5', 'exitcode': '-9'}
INIT PS : random101 | obj : None | props : {'cmd': 'sh pgrms/sec_counter.bash', 'stoptime': '5'}
updated conf file {'random101': {'cmd': 'sh pgrms/sec_counter.bash', 'stoptime': '5'}, 'shg': {'cmd': 'python3 pgrms/shg/main_shg.py', 'restart': 'yes', 'nbps': '3', 'stoptime': '5', 'exitcode': '-9'}}
name:shg                            | cmd:python3 pgrms/shg/main_shg.py  | state: ?          | PID:None    | runtime:None       | returncode:None 
name:shg                            | cmd:python3 pgrms/shg/main_shg.py  | state: ?          | PID:None    | runtime:None       | returncode:None 
name:shg                            | cmd:python3 pgrms/shg/main_shg.py  | state: ?          | PID:None    | runtime:None       | returncode:None 
name:random101                      | cmd:sh pgrms/sec_counter.bash      | state: ?          | PID:None    | runtime:None       | returncode:None 
DESTROY all insts shg
DESTROY all insts random101
---taskmaster session : 2020-06-29 15:46:28---
old conf file {}
INIT PS : random101 | obj : None | props : {'cmd': 'sh pgrms/sec_counter.bash', 'stoptime': '5'}
INIT PS : shg | obj : None | props : {'cmd': 'python3 pgrms/shg/main_shg.py', 'restart': 'yes', 'nbps': '3', 'stoptime': '5', 'exitcode': '-9'}
INIT PS : shg | obj : None | props : {'cmd': 'python3 pgrms/shg/main_shg.py', 'restart': 'yes', 'nbps': '3', 'stoptime': '5', 'exitcode': '-9'}
INIT PS : shg | obj : None | props : {'cmd': 'python3 pgrms/shg/main_shg.py', 'restart': 'yes', 'nbps': '3', 'stoptime': '5', 'exitcode': '-9'}
updated conf file {'random101': {'cmd': 'sh pgrms/sec_counter.bash', 'stoptime': '5'}, 'shg': {'cmd': 'python3 pgrms/shg/main_shg.py', 'restart': 'yes', 'nbps': '3', 'stoptime': '5', 'exitcode': '-9'}}
name:random101                      | cmd:sh pgrms/sec_counter.bash      | state: ?          | PID:None    | runtime:None       | returncode:None 
name:shg                            | cmd:python3 pgrms/shg/main_shg.py  | state: ?          | PID:None    | runtime:None       | returncode:None 
name:shg                            | cmd:python3 pgrms/shg/main_shg.py  | state: ?          | PID:None    | runtime:None       | returncode:None 
name:shg                            | cmd:python3 pgrms/shg/main_shg.py  | state: ?          | PID:None    | runtime:None       | returncode:None 
DESTROY all insts random101
DESTROY all insts shg
---taskmaster session : 2020-06-29 15:46:56---
old conf file {}
INIT PS : shg | obj : None | props : {'cmd': 'python3 pgrms/shg/main_shg.py', 'restart': 'yes', 'nbps': '3', 'stoptime': '5', 'exitcode': '-9'}
INIT PS : shg | obj : None | props : {'cmd': 'python3 pgrms/shg/main_shg.py', 'restart': 'yes', 'nbps': '3', 'stoptime': '5', 'exitcode': '-9'}
INIT PS : shg | obj : None | props : {'cmd': 'python3 pgrms/shg/main_shg.py', 'restart': 'yes', 'nbps': '3', 'stoptime': '5', 'exitcode': '-9'}
INIT PS : random101 | obj : None | props : {'cmd': 'sh pgrms/sec_counter.bash', 'stoptime': '5'}
updated conf file {'random101': {'cmd': 'sh pgrms/sec_counter.bash', 'stoptime': '5'}, 'shg': {'cmd': 'python3 pgrms/shg/main_shg.py', 'restart': 'yes', 'nbps': '3', 'stoptime': '5', 'exitcode': '-9'}}
name:shg                            | cmd:python3 pgrms/shg/main_shg.py  | state: ?          | PID:None    | runtime:None       | returncode:None 
name:shg                            | cmd:python3 pgrms/shg/main_shg.py  | state: ?          | PID:None    | runtime:None       | returncode:None 
name:shg                            | cmd:python3 pgrms/shg/main_shg.py  | state: ?          | PID:None    | runtime:None       | returncode:None 
name:random101                      | cmd:sh pgrms/sec_counter.bash      | state: ?          | PID:None    | runtime:None       | returncode:None 
taskmaster> status
name:shg                            | cmd:python3 pgrms/shg/main_shg.py  | state: ?          | PID:None    | runtime:None       | returncode:None 
name:shg                            | cmd:python3 pgrms/shg/main_shg.py  | state: ?          | PID:None    | runtime:None       | returncode:None 
name:shg                            | cmd:python3 pgrms/shg/main_shg.py  | state: ?          | PID:None    | runtime:None       | returncode:None 
name:random101                      | cmd:sh pgrms/sec_counter.bash      | state: ?          | PID:None    | runtime:None       | returncode:None 
taskmaster> start shg
umask 022 && cd ./ && export TEST=TEST && python3 pgrms/shg/main_shg.py
action start launched
umask 022 && cd ./ && export TEST=TEST && python3 pgrms/shg/main_shg.py
action start launched
umask 022 && cd ./ && export TEST=TEST && python3 pgrms/shg/main_shg.py
action start launched
taskmaster> status
name:shg                            | cmd:python3 pgrms/shg/main_shg.py  | state: ?          | PID:65934   | runtime:0:00:47    | returncode:None 
name:shg                            | cmd:python3 pgrms/shg/main_shg.py  | state: ?          | PID:65935   | runtime:0:00:47    | returncode:None 
name:shg                            | cmd:python3 pgrms/shg/main_shg.py  | state: ?          | PID:65937   | runtime:0:00:47    | returncode:137 
name:random101                      | cmd:sh pgrms/sec_counter.bash      | state: ?          | PID:None    | runtime:None       | returncode:None 
taskmaster> print pss
taskmaster> print pss
taskmaster> stop shg
action stop launched
action stop launched
action stop already launched
taskmaster> status
name:shg                            | cmd:python3 pgrms/shg/main_shg.py  | state: ?          | PID:65934   | runtime:0:11:10    | returncode:None 
name:shg                            | cmd:python3 pgrms/shg/main_shg.py  | state: ?          | PID:65935   | runtime:0:11:10    | returncode:None 
None
name:random101                      | cmd:sh pgrms/sec_counter.bash      | state: ?          | PID:None    | runtime:None       | returncode:None 
taskmaster> status
name:shg                            | cmd:python3 pgrms/shg/main_shg.py  | state: ?          | PID:65934   | runtime:0:11:12    | returncode:None 
name:shg                            | cmd:python3 pgrms/shg/main_shg.py  | state: ?          | PID:65935   | runtime:0:11:12    | returncode:None 
None
name:random101                      | cmd:sh pgrms/sec_counter.bash      | state: ?          | PID:None    | runtime:None       | returncode:None 
taskmaster> status
name:shg                            | cmd:python3 pgrms/shg/main_shg.py  | state: ?          | PID:65934   | runtime:0:11:12    | returncode:None 
name:shg                            | cmd:python3 pgrms/shg/main_shg.py  | state: ?          | PID:65935   | runtime:0:11:12    | returncode:None 
None
name:random101                      | cmd:sh pgrms/sec_counter.bash      | state: ?          | PID:None    | runtime:None       | returncode:None 
taskmaster> status
name:shg                            | cmd:python3 pgrms/shg/main_shg.py  | state: ?          | PID:65934   | runtime:0:11:13    | returncode:None 
name:shg                            | cmd:python3 pgrms/shg/main_shg.py  | state: ?          | PID:65935   | runtime:0:11:13    | returncode:None 
None
name:random101                      | cmd:sh pgrms/sec_counter.bash      | state: ?          | PID:None    | runtime:None       | returncode:None 
taskmaster> status
name:shg                            | cmd:python3 pgrms/shg/main_shg.py  | state: ?          | PID:65934   | runtime:0:11:14    | returncode:None 
name:shg                            | cmd:python3 pgrms/shg/main_shg.py  | state: ?          | PID:65935   | runtime:0:11:14    | returncode:None 
None
name:random101                      | cmd:sh pgrms/sec_counter.bash      | state: ?          | PID:None    | runtime:None       | returncode:None 
taskmaster> status
None
None
None
name:random101                      | cmd:sh pgrms/sec_counter.bash      | state: ?          | PID:None    | runtime:None       | returncode:None 
taskmaster> status
None
None
None
name:random101                      | cmd:sh pgrms/sec_counter.bash      | state: ?          | PID:None    | runtime:None       | returncode:None 
taskmaster> exit
<Exiting Taskmaster>


DESTROY all insts shg
DESTROY all insts random101
---taskmaster session : 2020-06-29 15:59:21---
old conf file {}
INIT PS : shg | obj : None | props : {'cmd': 'python3 pgrms/shg/main_shg.py', 'restart': 'yes', 'nbps': '3', 'stoptime': '5', 'exitcode': '-9'}
INIT PS : shg | obj : None | props : {'cmd': 'python3 pgrms/shg/main_shg.py', 'restart': 'yes', 'nbps': '3', 'stoptime': '5', 'exitcode': '-9'}
INIT PS : shg | obj : None | props : {'cmd': 'python3 pgrms/shg/main_shg.py', 'restart': 'yes', 'nbps': '3', 'stoptime': '5', 'exitcode': '-9'}
INIT PS : random101 | obj : None | props : {'cmd': 'sh pgrms/sec_counter.bash', 'stoptime': '5'}
updated conf file {'random101': {'cmd': 'sh pgrms/sec_counter.bash', 'stoptime': '5'}, 'shg': {'cmd': 'python3 pgrms/shg/main_shg.py', 'restart': 'yes', 'nbps': '3', 'stoptime': '5', 'exitcode': '-9'}}
name:shg                            | cmd:python3 pgrms/shg/main_shg.py  | state: ?          | PID:None    | runtime:None       | returncode:None 
name:shg                            | cmd:python3 pgrms/shg/main_shg.py  | state: ?          | PID:None    | runtime:None       | returncode:None 
name:shg                            | cmd:python3 pgrms/shg/main_shg.py  | state: ?          | PID:None    | runtime:None       | returncode:None 
name:random101                      | cmd:sh pgrms/sec_counter.bash      | state: ?          | PID:None    | runtime:None       | returncode:None 
taskmaster> exit
<Exiting Taskmaster>


DESTROY all insts shg
DESTROY all insts random101
---taskmaster session : 2020-06-29 16:02:44---
old conf file {}
INIT PS : shg | obj : None | props : {'cmd': 'python3 pgrms/shg/main_shg.py', 'restart': 'yes', 'nbps': '3', 'stoptime': '5', 'exitcode': '-9'}
INIT PS : shg | obj : None | props : {'cmd': 'python3 pgrms/shg/main_shg.py', 'restart': 'yes', 'nbps': '3', 'stoptime': '5', 'exitcode': '-9'}
INIT PS : shg | obj : None | props : {'cmd': 'python3 pgrms/shg/main_shg.py', 'restart': 'yes', 'nbps': '3', 'stoptime': '5', 'exitcode': '-9'}
INIT PS : random101 | obj : None | props : {'cmd': 'sh pgrms/sec_counter.bash', 'stoptime': '5'}
updated conf file {'random101': {'cmd': 'sh pgrms/sec_counter.bash', 'stoptime': '5'}, 'shg': {'cmd': 'python3 pgrms/shg/main_shg.py', 'restart': 'yes', 'nbps': '3', 'stoptime': '5', 'exitcode': '-9'}}
name:shg                            | cmd:python3 pgrms/shg/main_shg.py  | state: ?          | PID:None    | runtime:None       | returncode:None 
name:shg                            | cmd:python3 pgrms/shg/main_shg.py  | state: ?          | PID:None    | runtime:None       | returncode:None 
name:shg                            | cmd:python3 pgrms/shg/main_shg.py  | state: ?          | PID:None    | runtime:None       | returncode:None 
name:random101                      | cmd:sh pgrms/sec_counter.bash      | state: ?          | PID:None    | runtime:None       | returncode:None 
taskmaster> start shg
umask 022 && cd ./ && export TEST=TEST && python3 pgrms/shg/main_shg.py
action start launched
umask 022 && cd ./ && export TEST=TEST && python3 pgrms/shg/main_shg.py
action start launched
umask 022 && cd ./ && export TEST=TEST && python3 pgrms/shg/main_shg.py
action start launched
taskmaster> stop shg
action stop launched
action stop launched
action stop launched
taskmaster> status
None
None
None
name:random101                      | cmd:sh pgrms/sec_counter.bash      | state: ?          | PID:None    | runtime:None       | returncode:None 
taskmaster> exit
<Exiting Taskmaster>


DESTROY all insts shg
DESTROY all insts random101
---taskmaster session : 2020-06-29 16:06:12---
old conf file {}
INIT PS : shg | obj : None | props : {'cmd': 'python3 pgrms/shg/main_shg.py', 'restart': 'yes', 'nbps': '3', 'stoptime': '5', 'exitcode': '-2'}
INIT PS : shg | obj : None | props : {'cmd': 'python3 pgrms/shg/main_shg.py', 'restart': 'yes', 'nbps': '3', 'stoptime': '5', 'exitcode': '-2'}
INIT PS : shg | obj : None | props : {'cmd': 'python3 pgrms/shg/main_shg.py', 'restart': 'yes', 'nbps': '3', 'stoptime': '5', 'exitcode': '-2'}
INIT PS : random101 | obj : None | props : {'cmd': 'sh pgrms/sec_counter.bash', 'stoptime': '5'}
updated conf file {'random101': {'cmd': 'sh pgrms/sec_counter.bash', 'stoptime': '5'}, 'shg': {'cmd': 'python3 pgrms/shg/main_shg.py', 'restart': 'yes', 'nbps': '3', 'stoptime': '5', 'exitcode': '-2'}}
name:shg                            | cmd:python3 pgrms/shg/main_shg.py  | state: ?          | PID:None    | runtime:None       | returncode:None 
name:shg                            | cmd:python3 pgrms/shg/main_shg.py  | state: ?          | PID:None    | runtime:None       | returncode:None 
name:shg                            | cmd:python3 pgrms/shg/main_shg.py  | state: ?          | PID:None    | runtime:None       | returncode:None 
name:random101                      | cmd:sh pgrms/sec_counter.bash      | state: ?          | PID:None    | runtime:None       | returncode:None 
taskmaster> start shg
umask 022 && cd ./ && export TEST=TEST && python3 pgrms/shg/main_shg.py
action start launched
umask 022 && cd ./ && export TEST=TEST && python3 pgrms/shg/main_shg.py
action start launched
umask 022 && cd ./ && export TEST=TEST && python3 pgrms/shg/main_shg.py
action start launched
taskmaster> stop shg
action stop launched
action stop launched
action stop launched
taskmaster> 
taskmaster> 
taskmaster> status
None
None
None
name:random101                      | cmd:sh pgrms/sec_counter.bash      | state: ?          | PID:None    | runtime:None       | returncode:None 
taskmaster> exit
<Exiting Taskmaster>


DESTROY all insts shg
DESTROY all insts random101
---taskmaster session : 2020-06-29 16:08:15---
old conf file {}
INIT PS : random101 | obj : None | props : {'cmd': 'sh pgrms/sec_counter.bash', 'stoptime': '5'}
INIT PS : shg | obj : None | props : {'cmd': 'python3 pgrms/shg/main_shg.py', 'restart': 'yes', 'nbps': '3', 'stoptime': '5', 'exitcode': '-2'}
INIT PS : shg | obj : None | props : {'cmd': 'python3 pgrms/shg/main_shg.py', 'restart': 'yes', 'nbps': '3', 'stoptime': '5', 'exitcode': '-2'}
INIT PS : shg | obj : None | props : {'cmd': 'python3 pgrms/shg/main_shg.py', 'restart': 'yes', 'nbps': '3', 'stoptime': '5', 'exitcode': '-2'}
updated conf file {'random101': {'cmd': 'sh pgrms/sec_counter.bash', 'stoptime': '5'}, 'shg': {'cmd': 'python3 pgrms/shg/main_shg.py', 'restart': 'yes', 'nbps': '3', 'stoptime': '5', 'exitcode': '-2'}}
name:random101                      | cmd:sh pgrms/sec_counter.bash      | state: ?          | PID:None    | runtime:None       | returncode:None 
name:shg                            | cmd:python3 pgrms/shg/main_shg.py  | state: ?          | PID:None    | runtime:None       | returncode:None 
name:shg                            | cmd:python3 pgrms/shg/main_shg.py  | state: ?          | PID:None    | runtime:None       | returncode:None 
name:shg                            | cmd:python3 pgrms/shg/main_shg.py  | state: ?          | PID:None    | runtime:None       | returncode:None 
taskmaster> start shg
umask 022 && cd ./ && export TEST=TEST && python3 pgrms/shg/main_shg.py
action start launched
umask 022 && cd ./ && export TEST=TEST && python3 pgrms/shg/main_shg.py
action start launched
umask 022 && cd ./ && export TEST=TEST && python3 pgrms/shg/main_shg.py
action start launched
taskmaster> stop shg
action stop launched
action stop launched
action stop launched
taskmaster> 
taskmaster> 
taskmaster> 
taskmaster> l
display help
taskmaster> status
name:random101                      | cmd:sh pgrms/sec_counter.bash      | state: ?          | PID:None    | runtime:None       | returncode:None 
None
None
None
taskmaster> status
name:random101                      | cmd:sh pgrms/sec_counter.bash      | state: ?          | PID:None    | runtime:None       | returncode:None 
None
None
None
taskmaster> exit
<Exiting Taskmaster>


DESTROY all insts random101
DESTROY all insts shg
---taskmaster session : 2020-06-29 16:11:01---
old conf file {}
INIT PS : random101 | obj : None | props : {'cmd': 'sh pgrms/sec_counter.bash', 'stoptime': '5'}
INIT PS : shg | obj : None | props : {'cmd': 'python3 pgrms/shg/main_shg.py', 'restart': 'yes', 'nbps': '3', 'stoptime': '5', 'exitcode': '-2'}
INIT PS : shg | obj : None | props : {'cmd': 'python3 pgrms/shg/main_shg.py', 'restart': 'yes', 'nbps': '3', 'stoptime': '5', 'exitcode': '-2'}
INIT PS : shg | obj : None | props : {'cmd': 'python3 pgrms/shg/main_shg.py', 'restart': 'yes', 'nbps': '3', 'stoptime': '5', 'exitcode': '-2'}
updated conf file {'random101': {'cmd': 'sh pgrms/sec_counter.bash', 'stoptime': '5'}, 'shg': {'cmd': 'python3 pgrms/shg/main_shg.py', 'restart': 'yes', 'nbps': '3', 'stoptime': '5', 'exitcode': '-2'}}
name:random101                      | cmd:sh pgrms/sec_counter.bash      | state: ?          | PID:None    | runtime:None       | returncode:None 
name:shg                            | cmd:python3 pgrms/shg/main_shg.py  | state: ?          | PID:None    | runtime:None       | returncode:None 
name:shg                            | cmd:python3 pgrms/shg/main_shg.py  | state: ?          | PID:None    | runtime:None       | returncode:None 
name:shg                            | cmd:python3 pgrms/shg/main_shg.py  | state: ?          | PID:None    | runtime:None       | returncode:None 
taskmaster> 
taskmaster> 
taskmaster> 
taskmaster> status
name:random101                      | cmd:sh pgrms/sec_counter.bash      | state: ?          | PID:None    | runtime:None       | returncode:None 
name:shg                            | cmd:python3 pgrms/shg/main_shg.py  | state: ?          | PID:None    | runtime:None       | returncode:None 
name:shg                            | cmd:python3 pgrms/shg/main_shg.py  | state: ?          | PID:None    | runtime:None       | returncode:None 
name:shg                            | cmd:python3 pgrms/shg/main_shg.py  | state: ?          | PID:None    | runtime:None       | returncode:None 
taskmaster> exit
<Exiting Taskmaster>


DESTROY all insts random101
DESTROY all insts shg
---taskmaster session : 2020-06-29 16:11:54---
old conf file {}
INIT PS : shg | obj : None | props : {'cmd': 'python3 pgrms/shg/main_shg.py', 'restart': 'yes', 'nbps': '3', 'stoptime': '5', 'exitcode': '-2'}
INIT PS : shg | obj : None | props : {'cmd': 'python3 pgrms/shg/main_shg.py', 'restart': 'yes', 'nbps': '3', 'stoptime': '5', 'exitcode': '-2'}
INIT PS : shg | obj : None | props : {'cmd': 'python3 pgrms/shg/main_shg.py', 'restart': 'yes', 'nbps': '3', 'stoptime': '5', 'exitcode': '-2'}
INIT PS : random101 | obj : None | props : {'cmd': 'sh pgrms/sec_counter.bash', 'stoptime': '5'}
updated conf file {'random101': {'cmd': 'sh pgrms/sec_counter.bash', 'stoptime': '5'}, 'shg': {'cmd': 'python3 pgrms/shg/main_shg.py', 'restart': 'yes', 'nbps': '3', 'stoptime': '5', 'exitcode': '-2'}}
name:shg                            | cmd:python3 pgrms/shg/main_shg.py  | state: ?          | PID:None    | runtime:None       | returncode:None 
name:shg                            | cmd:python3 pgrms/shg/main_shg.py  | state: ?          | PID:None    | runtime:None       | returncode:None 
name:shg                            | cmd:python3 pgrms/shg/main_shg.py  | state: ?          | PID:None    | runtime:None       | returncode:None 
name:random101                      | cmd:sh pgrms/sec_counter.bash      | state: ?          | PID:None    | runtime:None       | returncode:None 
taskmaster> status
name:shg                            | cmd:python3 pgrms/shg/main_shg.py  | state: ?          | PID:None    | runtime:None       | returncode:None 
name:shg                            | cmd:python3 pgrms/shg/main_shg.py  | state: ?          | PID:None    | runtime:None       | returncode:None 
name:shg                            | cmd:python3 pgrms/shg/main_shg.py  | state: ?          | PID:None    | runtime:None       | returncode:None 
name:random101                      | cmd:sh pgrms/sec_counter.bash      | state: ?          | PID:None    | runtime:None       | returncode:None 
taskmaster> exit
<Exiting Taskmaster>


DESTROY all insts shg
DESTROY all insts random101
---taskmaster session : 2020-06-29 16:12:21---
old conf file {}
INIT PS : shg | obj : None | props : {'cmd': 'python3 pgrms/shg/main_shg.py', 'restart': 'yes', 'nbps': '3', 'stoptime': '5', 'exitcode': '-2'}
INIT PS : shg | obj : None | props : {'cmd': 'python3 pgrms/shg/main_shg.py', 'restart': 'yes', 'nbps': '3', 'stoptime': '5', 'exitcode': '-2'}
INIT PS : shg | obj : None | props : {'cmd': 'python3 pgrms/shg/main_shg.py', 'restart': 'yes', 'nbps': '3', 'stoptime': '5', 'exitcode': '-2'}
INIT PS : random101 | obj : None | props : {'cmd': 'sh pgrms/sec_counter.bash', 'stoptime': '5'}
updated conf file {'random101': {'cmd': 'sh pgrms/sec_counter.bash', 'stoptime': '5'}, 'shg': {'cmd': 'python3 pgrms/shg/main_shg.py', 'restart': 'yes', 'nbps': '3', 'stoptime': '5', 'exitcode': '-2'}}
name:shg                            | cmd:python3 pgrms/shg/main_shg.py  | state: ?          | PID:None    | runtime:None       | returncode:None 
name:shg                            | cmd:python3 pgrms/shg/main_shg.py  | state: ?          | PID:None    | runtime:None       | returncode:None 
name:shg                            | cmd:python3 pgrms/shg/main_shg.py  | state: ?          | PID:None    | runtime:None       | returncode:None 
name:random101                      | cmd:sh pgrms/sec_counter.bash      | state: ?          | PID:None    | runtime:None       | returncode:None 
taskmaster> status
name:shg                            | cmd:python3 pgrms/shg/main_shg.py  | state: ?          | PID:None    | runtime:None       | returncode:None 
name:shg                            | cmd:python3 pgrms/shg/main_shg.py  | state: ?          | PID:None    | runtime:None       | returncode:None 
name:shg                            | cmd:python3 pgrms/shg/main_shg.py  | state: ?          | PID:None    | runtime:None       | returncode:None 
name:random101                      | cmd:sh pgrms/sec_counter.bash      | state: ?          | PID:None    | runtime:None       | returncode:None 
taskmaster> status
name:shg                            | cmd:python3 pgrms/shg/main_shg.py  | state: ?          | PID:None    | runtime:None       | returncode:None 
name:shg                            | cmd:python3 pgrms/shg/main_shg.py  | state: ?          | PID:None    | runtime:None       | returncode:None 
name:shg                            | cmd:python3 pgrms/shg/main_shg.py  | state: ?          | PID:None    | runtime:None       | returncode:None 
name:random101                      | cmd:sh pgrms/sec_counter.bash      | state: ?          | PID:None    | runtime:None       | returncode:None 
taskmaster> start shg
umask 022 && cd ./ && export TEST=TEST && python3 pgrms/shg/main_shg.py
action start launched
umask 022 && cd ./ && export TEST=TEST && python3 pgrms/shg/main_shg.py
action start launched
umask 022 && cd ./ && export TEST=TEST && python3 pgrms/shg/main_shg.py
action start launched
taskmaster> stop shg
action stop launched
action stop launched
action stop launched
taskmaster> 
DESTROY all insts shg
DESTROY all insts random101
---taskmaster session : 2020-06-29 16:15:12---
old conf file {}
INIT PS : shg | obj : None | props : {'cmd': 'python3 pgrms/shg/main_shg.py', 'restart': 'yes', 'nbps': '3', 'stoptime': '5', 'exitcode': '-2'}
INIT PS : shg | obj : None | props : {'cmd': 'python3 pgrms/shg/main_shg.py', 'restart': 'yes', 'nbps': '3', 'stoptime': '5', 'exitcode': '-2'}
INIT PS : shg | obj : None | props : {'cmd': 'python3 pgrms/shg/main_shg.py', 'restart': 'yes', 'nbps': '3', 'stoptime': '5', 'exitcode': '-2'}
INIT PS : random101 | obj : None | props : {'cmd': 'sh pgrms/sec_counter.bash', 'stoptime': '5'}
updated conf file {'random101': {'cmd': 'sh pgrms/sec_counter.bash', 'stoptime': '5'}, 'shg': {'cmd': 'python3 pgrms/shg/main_shg.py', 'restart': 'yes', 'nbps': '3', 'stoptime': '5', 'exitcode': '-2'}}
name:shg                            | cmd:python3 pgrms/shg/main_shg.py  | state: ?          | PID:None    | runtime:None       | returncode:None 
name:shg                            | cmd:python3 pgrms/shg/main_shg.py  | state: ?          | PID:None    | runtime:None       | returncode:None 
name:shg                            | cmd:python3 pgrms/shg/main_shg.py  | state: ?          | PID:None    | runtime:None       | returncode:None 
name:random101                      | cmd:sh pgrms/sec_counter.bash      | state: ?          | PID:None    | runtime:None       | returncode:None 
taskmaster> start shg
umask 022 && cd ./ && export TEST=TEST && python3 pgrms/shg/main_shg.py
action start launched
umask 022 && cd ./ && export TEST=TEST && python3 pgrms/shg/main_shg.py
action start launched
umask 022 && cd ./ && export TEST=TEST && python3 pgrms/shg/main_shg.py
action start launched
taskmaster> stop shg
action stop launched
action stop launched
action stop launched
taskmaster> 
taskmaster> 
taskmaster> 
taskmaster> status
None
None
None
name:random101                      | cmd:sh pgrms/sec_counter.bash      | state: ?          | PID:None    | runtime:None       | returncode:None 
taskmaster> status
None
None
None
name:random101                      | cmd:sh pgrms/sec_counter.bash      | state: ?          | PID:None    | runtime:None       | returncode:None 
taskmaster> status
None
None
None
name:random101                      | cmd:sh pgrms/sec_counter.bash      | state: ?          | PID:None    | runtime:None       | returncode:None 
taskmaster> exit
<Exiting Taskmaster>


DESTROY all insts shg
DESTROY all insts random101
---taskmaster session : 2020-06-29 16:18:59---
old conf file {}
INIT PS : shg | obj : None | props : {'cmd': 'python3 pgrms/shg/main_shg.py', 'restart': 'yes', 'nbps': '3', 'stoptime': '5', 'exitcode': '-2'}
INIT PS : shg | obj : None | props : {'cmd': 'python3 pgrms/shg/main_shg.py', 'restart': 'yes', 'nbps': '3', 'stoptime': '5', 'exitcode': '-2'}
INIT PS : shg | obj : None | props : {'cmd': 'python3 pgrms/shg/main_shg.py', 'restart': 'yes', 'nbps': '3', 'stoptime': '5', 'exitcode': '-2'}
INIT PS : random101 | obj : None | props : {'cmd': 'sh pgrms/sec_counter.bash', 'stoptime': '5'}
updated conf file {'random101': {'cmd': 'sh pgrms/sec_counter.bash', 'stoptime': '5'}, 'shg': {'cmd': 'python3 pgrms/shg/main_shg.py', 'restart': 'yes', 'nbps': '3', 'stoptime': '5', 'exitcode': '-2'}}
name:shg                            | cmd:python3 pgrms/shg/main_shg.py  | state: ?          | PID:None    | runtime:None       | returncode:None 
name:shg                            | cmd:python3 pgrms/shg/main_shg.py  | state: ?          | PID:None    | runtime:None       | returncode:None 
name:shg                            | cmd:python3 pgrms/shg/main_shg.py  | state: ?          | PID:None    | runtime:None       | returncode:None 
name:random101                      | cmd:sh pgrms/sec_counter.bash      | state: ?          | PID:None    | runtime:None       | returncode:None 
taskmaster> status
name:shg                            | cmd:python3 pgrms/shg/main_shg.py  | state: ?          | PID:None    | runtime:None       | returncode:None 
name:shg                            | cmd:python3 pgrms/shg/main_shg.py  | state: ?          | PID:None    | runtime:None       | returncode:None 
name:shg                            | cmd:python3 pgrms/shg/main_shg.py  | state: ?          | PID:None    | runtime:None       | returncode:None 
name:random101                      | cmd:sh pgrms/sec_counter.bash      | state: ?          | PID:None    | runtime:None       | returncode:None 
taskmaster> status
name:shg                            | cmd:python3 pgrms/shg/main_shg.py  | state: ?          | PID:None    | runtime:None       | returncode:None 
name:shg                            | cmd:python3 pgrms/shg/main_shg.py  | state: ?          | PID:None    | runtime:None       | returncode:None 
name:shg                            | cmd:python3 pgrms/shg/main_shg.py  | state: ?          | PID:None    | runtime:None       | returncode:None 
name:random101                      | cmd:sh pgrms/sec_counter.bash      | state: ?          | PID:None    | runtime:None       | returncode:None 
taskmaster> 
taskmaster> 
taskmaster> 
taskmaster> start shg
umask 022 && cd ./ && export TEST=TEST && python3 pgrms/shg/main_shg.py
action start launched
umask 022 && cd ./ && export TEST=TEST && python3 pgrms/shg/main_shg.py
action start launched
umask 022 && cd ./ && export TEST=TEST && python3 pgrms/shg/main_shg.py
action start launched
taskmaster> status
name:shg                            | cmd:python3 pgrms/shg/main_shg.py  | state: ?          | PID:71299   | runtime:0:00:03    | returncode:None 
name:shg                            | cmd:python3 pgrms/shg/main_shg.py  | state: ?          | PID:71300   | runtime:0:00:03    | returncode:None 
name:shg                            | cmd:python3 pgrms/shg/main_shg.py  | state: ?          | PID:71302   | runtime:0:00:03    | returncode:None 
name:random101                      | cmd:sh pgrms/sec_counter.bash      | state: ?          | PID:None    | runtime:None       | returncode:None 
taskmaster> stop shg
action stop launched
action stop launched
action stop launched
taskmaster> 
taskmaster> 
taskmaster> 
taskmaster> exit
<Exiting Taskmaster>


DESTROY all insts shg
DESTROY all insts random101
---taskmaster session : 2020-06-29 16:22:19---
old conf file {}
INIT PS : shg | obj : None | props : {'cmd': 'python3 pgrms/shg/main_shg.py', 'restart': 'yes', 'nbps': '3', 'stoptime': '5', 'exitcode': '-2'}
INIT PS : shg | obj : None | props : {'cmd': 'python3 pgrms/shg/main_shg.py', 'restart': 'yes', 'nbps': '3', 'stoptime': '5', 'exitcode': '-2'}
INIT PS : shg | obj : None | props : {'cmd': 'python3 pgrms/shg/main_shg.py', 'restart': 'yes', 'nbps': '3', 'stoptime': '5', 'exitcode': '-2'}
INIT PS : random101 | obj : None | props : {'cmd': 'sh pgrms/sec_counter.bash', 'stoptime': '5'}
updated conf file {'random101': {'cmd': 'sh pgrms/sec_counter.bash', 'stoptime': '5'}, 'shg': {'cmd': 'python3 pgrms/shg/main_shg.py', 'restart': 'yes', 'nbps': '3', 'stoptime': '5', 'exitcode': '-2'}}
name:shg                            | cmd:python3 pgrms/shg/main_shg.py  | state: ?          | PID:None    | runtime:None       | returncode:None 
name:shg                            | cmd:python3 pgrms/shg/main_shg.py  | state: ?          | PID:None    | runtime:None       | returncode:None 
name:shg                            | cmd:python3 pgrms/shg/main_shg.py  | state: ?          | PID:None    | runtime:None       | returncode:None 
name:random101                      | cmd:sh pgrms/sec_counter.bash      | state: ?          | PID:None    | runtime:None       | returncode:None 
taskmaster> start shg
umask 022 && cd ./ && export TEST=TEST && python3 pgrms/shg/main_shg.py
action start launched
umask 022 && cd ./ && export TEST=TEST && python3 pgrms/shg/main_shg.py
action start launched
umask 022 && cd ./ && export TEST=TEST && python3 pgrms/shg/main_shg.py
action start launched
taskmaster> stop shg
action stop launched
action stop launched
action stop launched
taskmaster> 
taskmaster> 
taskmaster> exit
<Exiting Taskmaster>


DESTROY all insts shg
DESTROY all insts random101
---taskmaster session : 2020-06-29 16:24:42---
old conf file {}
INIT PS : shg | obj : None | props : {'cmd': 'python3 pgrms/shg/main_shg.py', 'restart': 'yes', 'nbps': '3', 'stoptime': '5', 'exitcode': '-2'}
INIT PS : shg | obj : None | props : {'cmd': 'python3 pgrms/shg/main_shg.py', 'restart': 'yes', 'nbps': '3', 'stoptime': '5', 'exitcode': '-2'}
INIT PS : shg | obj : None | props : {'cmd': 'python3 pgrms/shg/main_shg.py', 'restart': 'yes', 'nbps': '3', 'stoptime': '5', 'exitcode': '-2'}
INIT PS : random101 | obj : None | props : {'cmd': 'sh pgrms/sec_counter.bash', 'stoptime': '5'}
updated conf file {'random101': {'cmd': 'sh pgrms/sec_counter.bash', 'stoptime': '5'}, 'shg': {'cmd': 'python3 pgrms/shg/main_shg.py', 'restart': 'yes', 'nbps': '3', 'stoptime': '5', 'exitcode': '-2'}}
name:shg                            | cmd:python3 pgrms/shg/main_shg.py  | state: ?          | PID:None    | runtime:None       | returncode:None 
name:shg                            | cmd:python3 pgrms/shg/main_shg.py  | state: ?          | PID:None    | runtime:None       | returncode:None 
name:shg                            | cmd:python3 pgrms/shg/main_shg.py  | state: ?          | PID:None    | runtime:None       | returncode:None 
name:random101                      | cmd:sh pgrms/sec_counter.bash      | state: ?          | PID:None    | runtime:None       | returncode:None 
umask 022 && cd ./ && export TEST=TEST && python3 pgrms/shg/main_shg.py
action start launched
umask 022 && cd ./ && export TEST=TEST && python3 pgrms/shg/main_shg.py
action start launched
umask 022 && cd ./ && export TEST=TEST && python3 pgrms/shg/main_shg.py
action start launched
action stop launched
action stop launched
action stop launched
taskmaster> 
taskmaster> exit
<Exiting Taskmaster>


DESTROY all insts shg
DESTROY all insts random101
---taskmaster session : 2020-06-29 16:29:46---
old conf file {}
INIT PS : shg | obj : None | props : {'cmd': 'python3 pgrms/shg/main_shg.py', 'restart': 'yes', 'nbps': '3', 'stoptime': '5', 'exitcode': '-2'}
INIT PS : shg | obj : None | props : {'cmd': 'python3 pgrms/shg/main_shg.py', 'restart': 'yes', 'nbps': '3', 'stoptime': '5', 'exitcode': '-2'}
INIT PS : shg | obj : None | props : {'cmd': 'python3 pgrms/shg/main_shg.py', 'restart': 'yes', 'nbps': '3', 'stoptime': '5', 'exitcode': '-2'}
INIT PS : random101 | obj : None | props : {'cmd': 'sh pgrms/sec_counter.bash', 'stoptime': '5'}
updated conf file {'random101': {'cmd': 'sh pgrms/sec_counter.bash', 'stoptime': '5'}, 'shg': {'cmd': 'python3 pgrms/shg/main_shg.py', 'restart': 'yes', 'nbps': '3', 'stoptime': '5', 'exitcode': '-2'}}
name:shg                            | cmd:python3 pgrms/shg/main_shg.py  | state: ?          | PID:None    | runtime:None       | returncode:None 
name:shg                            | cmd:python3 pgrms/shg/main_shg.py  | state: ?          | PID:None    | runtime:None       | returncode:None 
name:shg                            | cmd:python3 pgrms/shg/main_shg.py  | state: ?          | PID:None    | runtime:None       | returncode:None 
name:random101                      | cmd:sh pgrms/sec_counter.bash      | state: ?          | PID:None    | runtime:None       | returncode:None 
umask 022 && cd ./ && export TEST=TEST && python3 pgrms/shg/main_shg.py
action start launched
umask 022 && cd ./ && export TEST=TEST && python3 pgrms/shg/main_shg.py
action start launched
umask 022 && cd ./ && export TEST=TEST && python3 pgrms/shg/main_shg.py
action start launched
action stop launched
action stop launched
action stop launched
taskmaster> 
taskmaster> exit
<Exiting Taskmaster>


DESTROY all insts shg
DESTROY all insts random101
---taskmaster session : 2020-06-29 16:30:30---
old conf file {}
INIT PS : shg | obj : None | props : {'cmd': 'python3 pgrms/shg/main_shg.py', 'restart': 'yes', 'nbps': '3', 'stoptime': '5', 'exitcode': '-2'}
INIT PS : shg | obj : None | props : {'cmd': 'python3 pgrms/shg/main_shg.py', 'restart': 'yes', 'nbps': '3', 'stoptime': '5', 'exitcode': '-2'}
INIT PS : shg | obj : None | props : {'cmd': 'python3 pgrms/shg/main_shg.py', 'restart': 'yes', 'nbps': '3', 'stoptime': '5', 'exitcode': '-2'}
INIT PS : random101 | obj : None | props : {'cmd': 'sh pgrms/sec_counter.bash', 'stoptime': '5'}
updated conf file {'random101': {'cmd': 'sh pgrms/sec_counter.bash', 'stoptime': '5'}, 'shg': {'cmd': 'python3 pgrms/shg/main_shg.py', 'restart': 'yes', 'nbps': '3', 'stoptime': '5', 'exitcode': '-2'}}
name:shg                            | cmd:python3 pgrms/shg/main_shg.py  | state: ?          | PID:None    | runtime:None       | returncode:None 
name:shg                            | cmd:python3 pgrms/shg/main_shg.py  | state: ?          | PID:None    | runtime:None       | returncode:None 
name:shg                            | cmd:python3 pgrms/shg/main_shg.py  | state: ?          | PID:None    | runtime:None       | returncode:None 
name:random101                      | cmd:sh pgrms/sec_counter.bash      | state: ?          | PID:None    | runtime:None       | returncode:None 
umask 022 && cd ./ && export TEST=TEST && python3 pgrms/shg/main_shg.py
action start launched
umask 022 && cd ./ && export TEST=TEST && python3 pgrms/shg/main_shg.py
action start launched
umask 022 && cd ./ && export TEST=TEST && python3 pgrms/shg/main_shg.py
action start launched
action stop launched
action stop launched
action stop launched
taskmaster> 
taskmaster> exit
<Exiting Taskmaster>


DESTROY all insts shg
DESTROY all insts random101
---taskmaster session : 2020-06-29 16:32:17---
old conf file {}
INIT PS : random101 | obj : None | props : {'cmd': 'sh pgrms/sec_counter.bash', 'stoptime': '5'}
INIT PS : shg | obj : None | props : {'cmd': 'python3 pgrms/shg/main_shg.py', 'restart': 'yes', 'nbps': '3', 'stoptime': '5', 'exitcode': '-2'}
INIT PS : shg | obj : None | props : {'cmd': 'python3 pgrms/shg/main_shg.py', 'restart': 'yes', 'nbps': '3', 'stoptime': '5', 'exitcode': '-2'}
INIT PS : shg | obj : None | props : {'cmd': 'python3 pgrms/shg/main_shg.py', 'restart': 'yes', 'nbps': '3', 'stoptime': '5', 'exitcode': '-2'}
updated conf file {'random101': {'cmd': 'sh pgrms/sec_counter.bash', 'stoptime': '5'}, 'shg': {'cmd': 'python3 pgrms/shg/main_shg.py', 'restart': 'yes', 'nbps': '3', 'stoptime': '5', 'exitcode': '-2'}}
name:random101                      | cmd:sh pgrms/sec_counter.bash      | state: ?          | PID:None    | runtime:None       | returncode:None 
name:shg                            | cmd:python3 pgrms/shg/main_shg.py  | state: ?          | PID:None    | runtime:None       | returncode:None 
name:shg                            | cmd:python3 pgrms/shg/main_shg.py  | state: ?          | PID:None    | runtime:None       | returncode:None 
name:shg                            | cmd:python3 pgrms/shg/main_shg.py  | state: ?          | PID:None    | runtime:None       | returncode:None 
umask 022 && cd ./ && export TEST=TEST && python3 pgrms/shg/main_shg.py
action start launched
umask 022 && cd ./ && export TEST=TEST && python3 pgrms/shg/main_shg.py
action start launched
umask 022 && cd ./ && export TEST=TEST && python3 pgrms/shg/main_shg.py
action start launched
action stop launched
action stop launched
action stop launched
taskmaster> 
DESTROY all insts random101
DESTROY all insts shg
---taskmaster session : 2020-06-29 16:33:25---
old conf file {}
INIT PS : shg | obj : None | props : {'cmd': 'python3 pgrms/shg/main_shg.py', 'restart': 'yes', 'nbps': '3', 'stoptime': '5', 'exitcode': '-2'}
INIT PS : shg | obj : None | props : {'cmd': 'python3 pgrms/shg/main_shg.py', 'restart': 'yes', 'nbps': '3', 'stoptime': '5', 'exitcode': '-2'}
INIT PS : shg | obj : None | props : {'cmd': 'python3 pgrms/shg/main_shg.py', 'restart': 'yes', 'nbps': '3', 'stoptime': '5', 'exitcode': '-2'}
INIT PS : random101 | obj : None | props : {'cmd': 'sh pgrms/sec_counter.bash', 'stoptime': '5'}
updated conf file {'random101': {'cmd': 'sh pgrms/sec_counter.bash', 'stoptime': '5'}, 'shg': {'cmd': 'python3 pgrms/shg/main_shg.py', 'restart': 'yes', 'nbps': '3', 'stoptime': '5', 'exitcode': '-2'}}
name:shg                            | cmd:python3 pgrms/shg/main_shg.py  | state: ?          | PID:None    | runtime:None       | returncode:None 
name:shg                            | cmd:python3 pgrms/shg/main_shg.py  | state: ?          | PID:None    | runtime:None       | returncode:None 
name:shg                            | cmd:python3 pgrms/shg/main_shg.py  | state: ?          | PID:None    | runtime:None       | returncode:None 
name:random101                      | cmd:sh pgrms/sec_counter.bash      | state: ?          | PID:None    | runtime:None       | returncode:None 
umask 022 && cd ./ && export TEST=TEST && python3 pgrms/shg/main_shg.py
action start launched
umask 022 && cd ./ && export TEST=TEST && python3 pgrms/shg/main_shg.py
action start launched
umask 022 && cd ./ && export TEST=TEST && python3 pgrms/shg/main_shg.py
action start launched
action stop launched
action stop launched
action stop launched
taskmaster> 
umask 022 && cd ./ && export TEST=TEST && python3 pgrms/shg/main_shg.py
umask 022 && cd ./ && export TEST=TEST && python3 pgrms/shg/main_shg.py
umask 022 && cd ./ && export TEST=TEST && python3 pgrms/shg/main_shg.py
taskmaster> exit
<Exiting Taskmaster>


DESTROY all insts shg
DESTROY all insts random101
---taskmaster session : 2020-06-29 17:07:00---
old conf file {}
INIT PS : shg | obj : None | props : {'cmd': 'python3 pgrms/shg/main_shg.py', 'restart': 'yes', 'nbps': '3', 'stoptime': '5', 'exitcode': '-2'}
INIT PS : shg | obj : None | props : {'cmd': 'python3 pgrms/shg/main_shg.py', 'restart': 'yes', 'nbps': '3', 'stoptime': '5', 'exitcode': '-2'}
INIT PS : shg | obj : None | props : {'cmd': 'python3 pgrms/shg/main_shg.py', 'restart': 'yes', 'nbps': '3', 'stoptime': '5', 'exitcode': '-2'}
INIT PS : random101 | obj : None | props : {'cmd': 'sh pgrms/sec_counter.bash', 'stoptime': '5'}
updated conf file {'random101': {'cmd': 'sh pgrms/sec_counter.bash', 'stoptime': '5'}, 'shg': {'cmd': 'python3 pgrms/shg/main_shg.py', 'restart': 'yes', 'nbps': '3', 'stoptime': '5', 'exitcode': '-2'}}
name:shg                            | cmd:python3 pgrms/shg/main_shg.py  | state: ?          | PID:None    | runtime:None       | returncode:None 
name:shg                            | cmd:python3 pgrms/shg/main_shg.py  | state: ?          | PID:None    | runtime:None       | returncode:None 
name:shg                            | cmd:python3 pgrms/shg/main_shg.py  | state: ?          | PID:None    | runtime:None       | returncode:None 
name:random101                      | cmd:sh pgrms/sec_counter.bash      | state: ?          | PID:None    | runtime:None       | returncode:None 
umask 022 && cd ./ && export TEST=TEST && python3 pgrms/shg/main_shg.py
action start launched
umask 022 && cd ./ && export TEST=TEST && python3 pgrms/shg/main_shg.py
action start launched
umask 022 && cd ./ && export TEST=TEST && python3 pgrms/shg/main_shg.py
action start launched
action stop launched
action stop launched
action stop launched
taskmaster> 
DESTROY all insts shg
DESTROY all insts random101
---taskmaster session : 2020-06-29 17:07:16---
old conf file {}
INIT PS : random101 | obj : None | props : {'cmd': 'sh pgrms/sec_counter.bash', 'stoptime': '5'}
INIT PS : shg | obj : None | props : {'cmd': 'python3 pgrms/shg/main_shg.py', 'restart': 'yes', 'nbps': '3', 'stoptime': '5', 'exitcode': '-2'}
INIT PS : shg | obj : None | props : {'cmd': 'python3 pgrms/shg/main_shg.py', 'restart': 'yes', 'nbps': '3', 'stoptime': '5', 'exitcode': '-2'}
INIT PS : shg | obj : None | props : {'cmd': 'python3 pgrms/shg/main_shg.py', 'restart': 'yes', 'nbps': '3', 'stoptime': '5', 'exitcode': '-2'}
updated conf file {'random101': {'cmd': 'sh pgrms/sec_counter.bash', 'stoptime': '5'}, 'shg': {'cmd': 'python3 pgrms/shg/main_shg.py', 'restart': 'yes', 'nbps': '3', 'stoptime': '5', 'exitcode': '-2'}}
name:random101                      | cmd:sh pgrms/sec_counter.bash      | state: ?          | PID:None    | runtime:None       | returncode:None 
name:shg                            | cmd:python3 pgrms/shg/main_shg.py  | state: ?          | PID:None    | runtime:None       | returncode:None 
name:shg                            | cmd:python3 pgrms/shg/main_shg.py  | state: ?          | PID:None    | runtime:None       | returncode:None 
name:shg                            | cmd:python3 pgrms/shg/main_shg.py  | state: ?          | PID:None    | runtime:None       | returncode:None 
umask 022 && cd ./ && export TEST=TEST && python3 pgrms/shg/main_shg.py
action start launched
umask 022 && cd ./ && export TEST=TEST && python3 pgrms/shg/main_shg.py
action start launched
umask 022 && cd ./ && export TEST=TEST && python3 pgrms/shg/main_shg.py
action start launched
action stop launched
action stop launched
action stop launched
taskmaster> 
DESTROY all insts random101
DESTROY all insts shg
---taskmaster session : 2020-06-29 17:07:47---
old conf file {}
INIT PS : shg | obj : None | props : {'cmd': 'python3 pgrms/shg/main_shg.py', 'restart': 'yes', 'nbps': '3', 'stoptime': '5', 'exitcode': '-2'}
INIT PS : shg | obj : None | props : {'cmd': 'python3 pgrms/shg/main_shg.py', 'restart': 'yes', 'nbps': '3', 'stoptime': '5', 'exitcode': '-2'}
INIT PS : shg | obj : None | props : {'cmd': 'python3 pgrms/shg/main_shg.py', 'restart': 'yes', 'nbps': '3', 'stoptime': '5', 'exitcode': '-2'}
INIT PS : random101 | obj : None | props : {'cmd': 'sh pgrms/sec_counter.bash', 'stoptime': '5'}
updated conf file {'random101': {'cmd': 'sh pgrms/sec_counter.bash', 'stoptime': '5'}, 'shg': {'cmd': 'python3 pgrms/shg/main_shg.py', 'restart': 'yes', 'nbps': '3', 'stoptime': '5', 'exitcode': '-2'}}
name:shg                            | cmd:python3 pgrms/shg/main_shg.py  | state: ?          | PID:None    | runtime:None       | returncode:None 
name:shg                            | cmd:python3 pgrms/shg/main_shg.py  | state: ?          | PID:None    | runtime:None       | returncode:None 
name:shg                            | cmd:python3 pgrms/shg/main_shg.py  | state: ?          | PID:None    | runtime:None       | returncode:None 
name:random101                      | cmd:sh pgrms/sec_counter.bash      | state: ?          | PID:None    | runtime:None       | returncode:None 
umask 022 && cd ./ && export TEST=TEST && python3 pgrms/shg/main_shg.py
action start launched
umask 022 && cd ./ && export TEST=TEST && python3 pgrms/shg/main_shg.py
action start launched
umask 022 && cd ./ && export TEST=TEST && python3 pgrms/shg/main_shg.py
action start launched
action stop launched
action stop launched
action stop launched
taskmaster> 
DESTROY all insts shg
DESTROY all insts random101
---taskmaster session : 2020-06-29 17:10:01---
old conf file {}
INIT PS : shg | obj : None | props : {'cmd': 'python3 pgrms/shg/main_shg.py', 'restart': 'yes', 'nbps': '3', 'stoptime': '5', 'exitcode': '-2'}
INIT PS : shg | obj : None | props : {'cmd': 'python3 pgrms/shg/main_shg.py', 'restart': 'yes', 'nbps': '3', 'stoptime': '5', 'exitcode': '-2'}
INIT PS : shg | obj : None | props : {'cmd': 'python3 pgrms/shg/main_shg.py', 'restart': 'yes', 'nbps': '3', 'stoptime': '5', 'exitcode': '-2'}
INIT PS : random101 | obj : None | props : {'cmd': 'sh pgrms/sec_counter.bash', 'stoptime': '5'}
updated conf file {'random101': {'cmd': 'sh pgrms/sec_counter.bash', 'stoptime': '5'}, 'shg': {'cmd': 'python3 pgrms/shg/main_shg.py', 'restart': 'yes', 'nbps': '3', 'stoptime': '5', 'exitcode': '-2'}}
name:shg                            | cmd:python3 pgrms/shg/main_shg.py  | state: ?          | PID:None    | runtime:None       | returncode:None 
name:shg                            | cmd:python3 pgrms/shg/main_shg.py  | state: ?          | PID:None    | runtime:None       | returncode:None 
name:shg                            | cmd:python3 pgrms/shg/main_shg.py  | state: ?          | PID:None    | runtime:None       | returncode:None 
name:random101                      | cmd:sh pgrms/sec_counter.bash      | state: ?          | PID:None    | runtime:None       | returncode:None 
umask 022 && cd ./ && export TEST=TEST && python3 pgrms/shg/main_shg.py
action start launched
umask 022 && cd ./ && export TEST=TEST && python3 pgrms/shg/main_shg.py
action start launched
umask 022 && cd ./ && export TEST=TEST && python3 pgrms/shg/main_shg.py
action start launched
action stop launched
action stop launched
action stop launched
taskmaster> 
umask 022 && cd ./ && export TEST=TEST && python3 pgrms/shg/main_shg.py
umask 022 && cd ./ && export TEST=TEST && python3 pgrms/shg/main_shg.py
umask 022 && cd ./ && export TEST=TEST && python3 pgrms/shg/main_shg.py
taskmaster> 
taskmaster> stop shg
action stop launched
action stop launched
action stop launched
taskmaster> 
umask 022 && cd ./ && export TEST=TEST && python3 pgrms/shg/main_shg.py
umask 022 && cd ./ && export TEST=TEST && python3 pgrms/shg/main_shg.py
umask 022 && cd ./ && export TEST=TEST && python3 pgrms/shg/main_shg.py
taskmaster> stop shg
action stop launched
action stop launched
action stop launched
taskmaster> 
taskmaster> 
umask 022 && cd ./ && export TEST=TEST && python3 pgrms/shg/main_shg.py
umask 022 && cd ./ && export TEST=TEST && python3 pgrms/shg/main_shg.py
umask 022 && cd ./ && export TEST=TEST && python3 pgrms/shg/main_shg.py
taskmaster> stop shg
action stop launched
action stop launched
action stop launched
taskmaster> 
umask 022 && cd ./ && export TEST=TEST && python3 pgrms/shg/main_shg.py
umask 022 && cd ./ && export TEST=TEST && python3 pgrms/shg/main_shg.py
umask 022 && cd ./ && export TEST=TEST && python3 pgrms/shg/main_shg.py
taskmaster> stop shg
action stop launched
action stop launched
action stop launched
taskmaster> 
umask 022 && cd ./ && export TEST=TEST && python3 pgrms/shg/main_shg.py
umask 022 && cd ./ && export TEST=TEST && python3 pgrms/shg/main_shg.py
umask 022 && cd ./ && export TEST=TEST && python3 pgrms/shg/main_shg.py
taskmaster> stop shg
action stop launched
action stop launched
action stop launched
taskmaster> 
taskmaster> 
taskmaster> start shg
umask 022 && cd ./ && export TEST=TEST && python3 pgrms/shg/main_shg.py
action start launched
umask 022 && cd ./ && export TEST=TEST && python3 pgrms/shg/main_shg.py
action start launched
umask 022 && cd ./ && export TEST=TEST && python3 pgrms/shg/main_shg.py
action start launched
taskmaster> init config/taskmaster_conf.json
old conf file {'random101': {'cmd': 'sh pgrms/sec_counter.bash', 'stoptime': '5'}, 'shg': {'cmd': 'python3 pgrms/shg/main_shg.py', 'restart': 'yes', 'nbps': '3', 'stoptime': '5', 'exitcode': '-2'}}
DESTROY all insts shg
INIT PS : shg | obj : None | props : {'cmd': 'python3 pgrms/shg/main_shg.py', 'restart': 'yes', 'nbps': '3', 'stoptime': '0', 'exitcode': '-2'}
INIT PS : shg | obj : None | props : {'cmd': 'python3 pgrms/shg/main_shg.py', 'restart': 'yes', 'nbps': '3', 'stoptime': '0', 'exitcode': '-2'}
INIT PS : shg | obj : None | props : {'cmd': 'python3 pgrms/shg/main_shg.py', 'restart': 'yes', 'nbps': '3', 'stoptime': '0', 'exitcode': '-2'}
updated conf file {'random101': {'cmd': 'sh pgrms/sec_counter.bash', 'stoptime': '5'}, 'shg': {'cmd': 'python3 pgrms/shg/main_shg.py', 'restart': 'yes', 'nbps': '3', 'stoptime': '0', 'exitcode': '-2'}}
taskmaster> start shg
umask 022 && cd ./ && export TEST=TEST && python3 pgrms/shg/main_shg.py
action start launched
umask 022 && cd ./ && export TEST=TEST && python3 pgrms/shg/main_shg.py
action start launched
umask 022 && cd ./ && export TEST=TEST && python3 pgrms/shg/main_shg.py
action start launched
taskmaster> stop shg
action stop launched
action stop launched
action stop launched
taskmaster> exit
umask 022 && cd ./ && export TEST=TEST && python3 pgrms/shg/main_shg.py
umask 022 && cd ./ && export TEST=TEST && python3 pgrms/shg/main_shg.py
umask 022 && cd ./ && export TEST=TEST && python3 pgrms/shg/main_shg.py
<Exiting Taskmaster>


DESTROY all insts random101
DESTROY all insts shg
---taskmaster session : 2020-06-29 17:14:24---
old conf file {}
INIT PS : random101 | obj : None | props : {'cmd': 'sh pgrms/sec_counter.bash', 'stoptime': '5'}
INIT PS : shg | obj : None | props : {'cmd': 'python3 pgrms/shg/main_shg.py', 'restart': 'yes', 'nbps': '3', 'stoptime': '0', 'exitcode': '-2'}
INIT PS : shg | obj : None | props : {'cmd': 'python3 pgrms/shg/main_shg.py', 'restart': 'yes', 'nbps': '3', 'stoptime': '0', 'exitcode': '-2'}
INIT PS : shg | obj : None | props : {'cmd': 'python3 pgrms/shg/main_shg.py', 'restart': 'yes', 'nbps': '3', 'stoptime': '0', 'exitcode': '-2'}
updated conf file {'random101': {'cmd': 'sh pgrms/sec_counter.bash', 'stoptime': '5'}, 'shg': {'cmd': 'python3 pgrms/shg/main_shg.py', 'restart': 'yes', 'nbps': '3', 'stoptime': '0', 'exitcode': '-2'}}
name:random101                      | cmd:sh pgrms/sec_counter.bash      | state: ?          | PID:None    | runtime:None       | returncode:None 
name:shg                            | cmd:python3 pgrms/shg/main_shg.py  | state: ?          | PID:None    | runtime:None       | returncode:None 
name:shg                            | cmd:python3 pgrms/shg/main_shg.py  | state: ?          | PID:None    | runtime:None       | returncode:None 
name:shg                            | cmd:python3 pgrms/shg/main_shg.py  | state: ?          | PID:None    | runtime:None       | returncode:None 
umask 022 && cd ./ && export TEST=TEST && python3 pgrms/shg/main_shg.py
action start launched
umask 022 && cd ./ && export TEST=TEST && python3 pgrms/shg/main_shg.py
action start launched
umask 022 && cd ./ && export TEST=TEST && python3 pgrms/shg/main_shg.py
action start launched
action stop launched
action stop launched
action stop launched
taskmaster> 
umask 022 && cd ./ && export TEST=TEST && python3 pgrms/shg/main_shg.py
umask 022 && cd ./ && export TEST=TEST && python3 pgrms/shg/main_shg.py
umask 022 && cd ./ && export TEST=TEST && python3 pgrms/shg/main_shg.py
taskmaster> init config/taskmaster_conf.json
old conf file {'random101': {'cmd': 'sh pgrms/sec_counter.bash', 'stoptime': '5'}, 'shg': {'cmd': 'python3 pgrms/shg/main_shg.py', 'restart': 'yes', 'nbps': '3', 'stoptime': '0', 'exitcode': '-2'}}
updated conf file {'random101': {'cmd': 'sh pgrms/sec_counter.bash', 'stoptime': '5'}, 'shg': {'cmd': 'python3 pgrms/shg/main_shg.py', 'restart': 'yes', 'nbps': '3', 'stoptime': '0', 'exitcode': '-2'}}
taskmaster> exit
<Exiting Taskmaster>


DESTROY all insts random101
DESTROY all insts shg
